2021-07-02 09:31:10 [qiubaiPRo.spiders.qiubai] WARNING: {'author': '\n手倦抄书\n',
 'content': '几年前，小侄女才四岁半，喜欢用她妈妈手机跟我聊天，每次聊天前先给我发个10块的红包。大约一个月后，她发来语音：“老叔，够不够钱娶个婶婶，生个小妹妹陪我玩？不够我再给你发个好大好大的！”我当笑话讲给好朋友小小听，她居然脱口而出：“够了！”略带感动开始交往，第一次带小小到我哥家吃饭，小侄女居然抱着小小的腿撒娇：“你才给我100，我发了200块，我叫我妈给我算了的，我要吃雪糕！”'}
2021-07-02 09:31:10 [qiubaiPRo.spiders.qiubai] WARNING: {'author': '\n狸土豆大人\n',
 'content': '侄子太调皮摔坏东西，我哥上去就开揍，我爸妈见不得他宝贝孙子挨打，心疼的不得了，就让我哥别打了，一个劲儿的劝说。可越劝我哥越打，小侄子也怕了，抽泣着对我哥说：“你老让我听爸妈的话，可是你爸妈的话你咋不听啊，呜呜呜……”'}
2021-07-02 09:31:10 [qiubaiPRo.spiders.qiubai] WARNING: {'author': '\n骑着二哈啃黄瓜\n',
 'content': '湖南最大的特色就是腊 肉和辣椒，处处可见挂着腊 肉和辣椒在晒。。。那会儿，我刚进大学，学校满操场在晒腊 骨头，腊 肉，腊 '
            '鱼，那真香，上课都听不进去，，，后面同学们说，我们医学院怕标本发霉，在操场晒切片标本和骨骼标本。。。'}
2021-07-02 09:31:10 [qiubaiPRo.spiders.qiubai] WARNING: {'author': '\n骑着二哈啃黄瓜\n',
 'content': '今天刚到公司，就收到一束花，打开一看，写着:怕你收不到花尴尬，我想了想给你捧个场。爱你的侄儿***。。。然后大家羡慕的不要不要的。。。'}
2021-07-02 09:31:10 [qiubaiPRo.spiders.qiubai] WARNING: {'author': '\n狐小乔\n',
 'content': '我们主任前几天喝多了，在某宝上买了只鸵鸟。昨天才想起来。然后在科室里说客服不理他。估计鸵鸟快到了。'}
2021-07-02 09:31:10 [qiubaiPRo.spiders.qiubai] WARNING: {'author': '\n叶纷飞，谁能挽\n', 'content': '大半夜睡不着，想法点什么，又不知道发什么！——我是傻逼，这么晚了，应该没人看了吧'}
2021-07-02 09:31:10 [qiubaiPRo.spiders.qiubai] WARNING: {'author': '\n夏有凉风秋望月\n',
 'content': '跟男友交往一年了，越来越发现，我们八字不合，我喜欢吃的东西，他不喜欢吃。以前还愿意迁就我，现在整天嫌弃我吃的东西没营养！直到有一天，我发现他和我闺蜜在一起吃的都是我最喜欢吃的东西，看着他脸上满满的爱意，我瞬间明白了，原来爱是可以改变一个人的爱好和口味！'}
2021-07-02 09:31:10 [qiubaiPRo.spiders.qiubai] WARNING: {'author': '\n花七七…\n',
 'content': '儿子的网课有一节是关于感恩父母的作文课。老师讲得很动情，儿子也听得很认真。坦率地讲，我其实不太需要孩子对我心存感恩之心，但看到儿子听得那么认真，于是我好奇地问:“如果是你，准备怎么感恩爸爸?”他认真思考了一会儿，说:“我可以给你当爸爸。”'}
2021-07-02 09:31:10 [qiubaiPRo.spiders.qiubai] WARNING: {'author': '\n此处省约一万字\n',
 'content': '记得小时候家里有次煲鸡汤，我爹在锅里捞鸡爪吃，捞了半天，就捞出来一只，还有一只怎么也捞不出来，很是迷惑。我说:另一只被我吃掉了！我爹悻悻的说:哦，那这一只也归你！我说:为什么呀？这只你吃呀！我爹说:你听说过么？同一只鸡的两个鸡爪不能分开来两个人吃，这样两个人会吵架的！我:？？？原来，我爹小时候偶尔炖鸡，两只鸡爪都是爷爷吃的，从来没有别的人分享，所以，一家人一直都是和和睦睦的。如果有人想分吃一只，我爷爷就会用这个道理教育家人。最后，我爹说，你知道为什么现在世界上那么多纷争么？就是市场…查看全文'}
2021-07-02 09:31:10 [qiubaiPRo.spiders.qiubai] WARNING: {'author': '\n上凹下凸\n',
 'content': '上幼儿园的小侄子拉着隔壁的小女孩，指着小女孩胳膊上的痣对我说:姑姑，电视剧里说没嫁人的，胳膊上有守宫砂，小丽就有，姑姑你有吗？我脸一红啐了一声:别看那些虚头巴脑的电视剧！'}
2021-07-02 09:31:10 [qiubaiPRo.spiders.qiubai] WARNING: {'author': '\n天然呆。oO\n',
 'content': '前几天逛淘宝发现有家干发帽挺便宜，而且好评如潮！说是很厚实，洗了都难晒干！我一看这么好，又便宜，赶紧下单了。昨天到家了，拆开一看，才知道这位买家说的是反话。。。'}
2021-07-02 09:31:10 [qiubaiPRo.spiders.qiubai] WARNING: {'author': '\n猪猪猪尾巴\n',
 'content': '病卧在床上，小儿关切的问：妈妈，你是要去世了吗？我：你知道去世是什么意思？小儿：去世就是死了啊。爷爷就是生病躺着躺着就去世了的。我惊慌的坐了起来小儿：爷爷去世之前也这么突然坐起来的。。。。'}
2021-07-02 09:31:10 [qiubaiPRo.spiders.qiubai] WARNING: {'author': '\n上凹下凸\n',
 'content': '同学让我帮他请假，我问他什么事？他说:我送爷爷去坐飞机，爷爷晕了，我要送他去医院。我急切的问:是不是他老人家晕机？他摇摇头:不是，还没登机他就晕了。我奇怪道:是不是因为太紧张了？同学叹了口气说:可能是吧！我把他送到安检对他说:爷爷，我只能送你到这里了，你马上要升天了！'}
2021-07-02 09:31:10 [qiubaiPRo.spiders.qiubai] WARNING: {'author': '\n逍遥花落人不知\n',
 'content': '我表姑父家养了十多只兔子，快要出笼了让我表哥找人给卖掉。三四天过去了也没来买兔子的，而且我表哥有次回来脸上还带着伤，我表姑父就纳闷了让他找人卖兔子怎么这也能被打问问怎么回事。原来我那二货表哥逢人就问你要兔吗，别人都以为我表哥有病没人搭理他，问来问去问到一个喝多了的。二货表哥问喝多了的哥们:“你要兔吗？喝多了的哥们说:“我要吐怎么了你要接着吗”，:“不是我是问你要有耳朵的兔吗”，喝多了的哥们上去就给我表哥一拳骂到:“你瞎呀我长不长耳朵我都要吐'}
2021-07-02 09:31:10 [qiubaiPRo.spiders.qiubai] WARNING: {'author': '\n手倦抄书\n',
 'content': '婚后第一次跟老婆吵架，她开始动手，我直接抱起来摔床上，化悲愤为力量，坚持不懈，一小时后她特别温柔。没想到她脾气暴躁起来，隔三差五，就跟我吵一架！'}
2021-07-02 09:31:10 [qiubaiPRo.spiders.qiubai] WARNING: {'author': '\n知——秋\n',
 'content': '上班后我发现，你做到60分时候，老板会要求你做到80分，然后你做到90分了，他会要求你做到100分，等你做到 '
            '100分了，他嫌弃你工资太高了'}
2021-07-02 09:31:10 [qiubaiPRo.spiders.qiubai] WARNING: {'author': '\n南九\n',
 'content': '端午节剩下很多粽子，我昨天晚上煮了。咯咯咯……女儿指着粽子问我:爸爸，端午节吃粽子，你为什么现在还吃？我笑着说:过节吃的东西，我们平时也可以吃，总之，想吃就可以吃。女儿激动滴拉着我的手说:那为什么生日蛋糕只能生日的时候吃？我现在想吃了，你给我买一个吧……'}
2021-07-02 09:31:10 [qiubaiPRo.spiders.qiubai] WARNING: {'author': '\n天然呆。oO\n',
 'content': '老公骑车从家里那边过来，两个小时的车程，没戴护袖，太阳特毒，晒得手臂脱了层皮。孩子上学，老公去送。他看了看脱了皮的手臂说，我戴个护袖吧。我嘀咕了句:两个小时不戴，几分钟的事还戴。。'}
2021-07-02 09:31:10 [qiubaiPRo.spiders.qiubai] WARNING: {'author': '\n狐小乔\n',
 'content': '一大早就收到了男朋友送的花。二货：情人节快乐！这个鲜花有一个高端大气的名字～久财花！寓意：爱情天长地久，老婆永不缺钱花！老婆惊喜不惊喜？我忍住惊喜的心情：这个可以包饺子吃吧？想不想吃啊？二货：好啊好啊，前几天就想吃了。我：老公你太好了，我也给你买了情人节礼物。我送你两个榴莲，寓意对我们的爱情永远留恋，爱情天长地久，老公喜欢不？二货：非常喜欢！嗯，喜欢就好，赶快跪上吧！'}
2021-07-02 09:31:10 [qiubaiPRo.spiders.qiubai] WARNING: {'author': '\n影子恋人～～\n',
 'content': '昨天在厕所蹲坑，竟然放了一个长达十几秒的屁，隔壁传来一个冷冽的声音:“卧槽！这还用的到纸吗？吹干了都。”'}
2021-07-02 09:31:10 [qiubaiPRo.spiders.qiubai] WARNING: {'author': '\n天然呆。oO\n',
 'content': '女儿跟我一样怕各种虫子，晚上准备睡觉了，女儿来到我跟前支支吾吾的说:房间里有虫子。。。我立马神经高度紧张:什么样的虫子？(想让自己有个心理准备才这么问的)女儿:好多腿的。。。啊？不会是蜈蚣啥的吧！！壮着胆子拿起苍蝇拍提心吊胆的就过去了。一看，原来是个蚊子。。。'}
2021-07-02 09:31:10 [qiubaiPRo.spiders.qiubai] WARNING: {'author': '\n带翅膀的老司机\n',
 'content': '一个老爷爷每天下午都会领着一条大黄狗，坐在小区石凳上望着天空发呆，我好奇的去问他:老爷爷，你怎么每天坐在这里啊！老爷爷伤感的说：以前我媳妇总会这个在时间和我一起出门遛狗，自从那次车祸后~ '
            '我急忙对老爷爷说：对不起啊，让你想起伤心事了！老爷爷对我摇了摇头说：自从那次车祸后，我媳妇走动不方便，家里人就教她打麻将，如今她痊愈了，每天下午都约几个麻友在家打麻将，嫌我家大黄狗乱叫，就让我每天下午领着狗出门……'}
2021-07-02 09:31:10 [qiubaiPRo.spiders.qiubai] WARNING: {'author': '\n中国加油！！\n',
 'content': '上大学那会儿，谈了个女朋友，有次出去玩的太晚回不去了，第一次开了房间，女友说：晚上不许使坏，听见没有？不然我不理你了！我点了点头说：好的！晚上我背对着女友，尽量靠床边睡，梦中却老感觉有人踢我，还越踢越用力。我脾气也上来了，狠狠的踹了一脚回去……'}
2021-07-02 09:31:10 [qiubaiPRo.spiders.qiubai] WARNING: {'author': '\n逍遥花落人不知\n',
 'content': '我们邻居有个阿姨，家里买个车让她去学车去，没几天从驾校跑回来了。我们都好奇就问她怎么跑回来了，不学钱不是白花了，阿姨说:“太吓人了，每次我开车拐弯的时候 '
            '教 练就说方向 打 死，吓得我不敢开了，也不知道谁叫方向，教练为什么那么恨他'}
2021-07-02 09:31:10 [qiubaiPRo.spiders.qiubai] WARNING: {'author': '\n中国加油！！\n',
 'content': '刚参加工作那会儿，工作单位在外地，离别的站台上，我伟大的妈妈硬往我手里塞了一张银行卡，浓浓的亲情荡漾在心头，瞬间让我泪流满面，当我没钱去银行取钱时才发现一分钱也没有，打回电话一问才知道给的是张副卡，是让我发工资了往里面打的...'}
