2021-07-29 06:02:39 [scrapy.core.scraper] ERROR: Error processing {'city': '南京',
 'lazyimg': '//img5.taoche.cn/31/02171gc4w3.jpg',
 'mileage': '1.50万公里',
 'price': '37.80',
 'resisted_data': '2020年',
 'title': '奥迪A6L 2020款 45 TFSI quattro 臻选致雅版'}
Traceback (most recent call last):
  File "d:\softwarespace\python\lib\site-packages\twisted\internet\defer.py", line 662, in _runCallbacks
    current.result = callback(current.result, *args, **kw)
  File "d:\softwarespace\python\lib\site-packages\scrapy\utils\defer.py", line 150, in f
    return deferred_from_coro(coro_f(*coro_args, **coro_kwargs))
  File "D:\WorkSpace\pycharm\爬虫练习\scrapy框架\FirstBlood\taochePro\taochePro\pipelines.py", line 11, in process_item
    self.monggoDB.insert(dict(item))#mongoDB插入字典数据
  File "D:\WorkSpace\pycharm\爬虫练习\scrapy框架\FirstBlood\taochePro\MyMongoDB.py", line 13, in insert
    self.col.insert_one(data) if onlyOne else  self.col.insert_many(data)
  File "d:\softwarespace\python\lib\site-packages\pymongo\collection.py", line 701, in insert_one
    session=session),
  File "d:\softwarespace\python\lib\site-packages\pymongo\collection.py", line 615, in _insert
    bypass_doc_val, session)
  File "d:\softwarespace\python\lib\site-packages\pymongo\collection.py", line 603, in _insert_one
    acknowledged, _insert_command, session)
  File "d:\softwarespace\python\lib\site-packages\pymongo\mongo_client.py", line 1497, in _retryable_write
    with self._tmp_session(session) as s:
  File "d:\softwarespace\python\lib\contextlib.py", line 82, in __enter__
    return next(self.gen)
  File "d:\softwarespace\python\lib\site-packages\pymongo\mongo_client.py", line 1829, in _tmp_session
    s = self._ensure_session(session)
  File "d:\softwarespace\python\lib\site-packages\pymongo\mongo_client.py", line 1816, in _ensure_session
    return self.__start_session(True, causal_consistency=False)
  File "d:\softwarespace\python\lib\site-packages\pymongo\mongo_client.py", line 1766, in __start_session
    server_session = self._get_server_session()
  File "d:\softwarespace\python\lib\site-packages\pymongo\mongo_client.py", line 1802, in _get_server_session
    return self._topology.get_server_session()
  File "d:\softwarespace\python\lib\site-packages\pymongo\topology.py", line 499, in get_server_session
    None)
  File "d:\softwarespace\python\lib\site-packages\pymongo\topology.py", line 217, in _select_servers_loop
    (self._error_message(selector), timeout, self.description))
pymongo.errors.ServerSelectionTimeoutError: 127.0.0.1:27017: [WinError 10061] 由于目标计算机积极拒绝，无法连接。, Timeout: 30s, Topology Description: <TopologyDescription id: 6101d3e0d0737c6b73541d8b, topology_type: Single, servers: [<ServerDescription ('127.0.0.1', 27017) server_type: Unknown, rtt: None, error=AutoReconnect('127.0.0.1:27017: [WinError 10061] 由于目标计算机积极拒绝，无法连接。',)>]>
2021-07-29 06:14:59 [twisted] CRITICAL: Unhandled error in Deferred:
2021-07-29 06:14:59 [twisted] CRITICAL: 
Traceback (most recent call last):
  File "d:\softwarespace\python\lib\site-packages\scrapy\utils\misc.py", line 64, in load_object
    obj = getattr(mod, name)
AttributeError: module 'taochePro.pipelines' has no attribute 'TaocheproPipeline'

During handling of the above exception, another exception occurred:

Traceback (most recent call last):
  File "d:\softwarespace\python\lib\site-packages\twisted\internet\defer.py", line 1445, in _inlineCallbacks
    result = current_context.run(g.send, result)
  File "d:\softwarespace\python\lib\site-packages\twisted\internet\defer.py", line 47, in run
    return f(*args, **kwargs)
  File "d:\softwarespace\python\lib\site-packages\scrapy\crawler.py", line 87, in crawl
    self.engine = self._create_engine()
  File "d:\softwarespace\python\lib\site-packages\scrapy\crawler.py", line 101, in _create_engine
    return ExecutionEngine(self, lambda _: self.stop())
  File "d:\softwarespace\python\lib\site-packages\scrapy\core\engine.py", line 70, in __init__
    self.scraper = Scraper(crawler)
  File "d:\softwarespace\python\lib\site-packages\scrapy\core\scraper.py", line 71, in __init__
    self.itemproc = itemproc_cls.from_crawler(crawler)
  File "d:\softwarespace\python\lib\site-packages\scrapy\middleware.py", line 53, in from_crawler
    return cls.from_settings(crawler.settings, crawler)
  File "d:\softwarespace\python\lib\site-packages\scrapy\middleware.py", line 34, in from_settings
    mwcls = load_object(clspath)
  File "d:\softwarespace\python\lib\site-packages\scrapy\utils\misc.py", line 66, in load_object
    raise NameError(f"Module '{module}' doesn't define any object named '{name}'")
NameError: Module 'taochePro.pipelines' doesn't define any object named 'TaocheproPipeline'
2021-07-29 06:15:48 [taochePro.spiders.taoche] WARNING: {'city': '南京',
 'detail': {'display': '1.4L', 'transmission': '双离合'},
 'lazyimg': '//img5.taoche.cn/31/02171gc4w3.jpg',
 'mileage': '3.00万公里',
 'price': '16.50',
 'resisted_data': '2019年',
 'title': '奥迪Q2L 2018款 35 TFSI 上市专享版 国V'}
2021-07-29 06:15:48 [taochePro.spiders.taoche] WARNING: {'city': '南京',
 'detail': {'display': '2.0L', 'transmission': '双离合'},
 'lazyimg': '//img5.taoche.cn/31/02171gc4w3.jpg',
 'mileage': '5.00万公里',
 'price': '18.50',
 'resisted_data': '2019年',
 'title': '奥迪Q3 2018款 30周年纪念版 35 TFSI 时尚版'}
2021-07-29 06:15:48 [taochePro.spiders.taoche] WARNING: {'city': '南京',
 'detail': {'display': '1.8L', 'transmission': '双离合'},
 'lazyimg': '//img5.taoche.cn/31/02171gc4w3.jpg',
 'mileage': '9.30万公里',
 'price': '23.58',
 'resisted_data': '2016年',
 'title': '奥迪A6L 2017款 TFSI 技术版'}
2021-07-29 06:15:48 [taochePro.spiders.taoche] WARNING: {'city': '南京',
 'detail': {'display': '2.0L', 'transmission': '双离合'},
 'lazyimg': '//img5.taoche.cn/31/02171gc4w3.jpg',
 'mileage': '0.70万公里',
 'price': '34.98',
 'resisted_data': '2021年',
 'title': '奥迪Q5L 2020款 40 TFSI 荣享时尚型'}
2021-07-29 06:15:48 [taochePro.spiders.taoche] WARNING: {'city': '南京',
 'detail': {'display': '2.0L', 'transmission': '双离合'},
 'lazyimg': '//img5.taoche.cn/31/02171gc4w3.jpg',
 'mileage': '2.00万公里',
 'price': '25.80',
 'resisted_data': '2019年',
 'title': '奥迪A4L 2019款 40 TFSI 时尚版 国VI'}
2021-07-29 06:15:48 [taochePro.spiders.taoche] WARNING: {'city': '南京',
 'detail': {'display': '2.0L', 'transmission': '双离合'},
 'lazyimg': '//img5.taoche.cn/31/02171gc4w3.jpg',
 'mileage': '1.50万公里',
 'price': '37.80',
 'resisted_data': '2020年',
 'title': '奥迪A6L 2020款 45 TFSI quattro 臻选致雅版'}
2021-07-29 06:15:48 [taochePro.spiders.taoche] WARNING: {'city': '南京',
 'detail': {'display': '1.4L', 'transmission': '双离合'},
 'lazyimg': '//img5.taoche.cn/31/02171gc4w3.jpg',
 'mileage': '7.80万公里',
 'price': '16.00',
 'resisted_data': '2017年',
 'title': '奥迪Q3 2017款 30 TFSI 风尚版'}
2021-07-29 06:15:49 [taochePro.spiders.taoche] WARNING: {'city': '南京',
 'detail': {'display': '2.0L', 'transmission': '双离合'},
 'lazyimg': '//img5.taoche.cn/31/02171gc4w3.jpg',
 'mileage': '4.00万公里',
 'price': '28.80',
 'resisted_data': '2020年',
 'title': '奥迪A4(进口) 2020款 Avant 先锋派 40TFSI 时尚动感型'}
2021-07-29 06:15:49 [taochePro.spiders.taoche] WARNING: {'city': '南京',
 'detail': {'display': '1.4L', 'transmission': '双离合'},
 'lazyimg': '//img5.taoche.cn/31/02171gc4w3.jpg',
 'mileage': '2.50万公里',
 'price': '14.50',
 'resisted_data': '2018年',
 'title': '奥迪A3 2018款 30周年纪念版 Limousine 35TFSI 时尚版'}
2021-07-29 06:15:49 [taochePro.spiders.taoche] WARNING: {'city': '南京',
 'detail': {'display': '1.4L', 'transmission': '双离合'},
 'lazyimg': '//img5.taoche.cn/31/02171gc4w3.jpg',
 'mileage': '4.20万公里',
 'price': '13.30',
 'resisted_data': '2016年',
 'title': '奥迪A3 2016款 Sportback 35TFSI 领英型'}
2021-07-29 06:15:49 [taochePro.spiders.taoche] WARNING: {'city': '南京',
 'detail': {'display': '1.4L', 'transmission': '双离合'},
 'lazyimg': '//img5.taoche.cn/31/02171gc4w3.jpg',
 'mileage': '1.00万公里',
 'price': '15.80',
 'resisted_data': '2019年',
 'title': '奥迪A3 2019款 Sportback 35TFSI 时尚版 国VI'}
2021-07-29 06:15:49 [taochePro.spiders.taoche] WARNING: {'city': '南京',
 'detail': {'display': '0.0L', 'transmission': '单速变速箱'},
 'lazyimg': '//img5.taoche.cn/31/02171gc4w3.jpg',
 'mileage': '0.04万公里',
 'price': '14.80',
 'resisted_data': '2021年',
 'title': '奥迪Q2L 纯电动 2020款 纯电智享型'}
2021-07-29 06:15:49 [taochePro.spiders.taoche] WARNING: {'city': '南京',
 'detail': {'display': '3.0L', 'transmission': '手自一体'},
 'lazyimg': '//img5.taoche.cn/31/02171gc4w3.jpg',
 'mileage': '0.89万公里',
 'price': '73.88',
 'resisted_data': '2020年',
 'title': '奥迪A8L 2021款 50 TFSI quattro 豪华型'}
2021-07-29 06:15:49 [taochePro.spiders.taoche] WARNING: {'city': '南京',
 'detail': {'display': '1.4L', 'transmission': '双离合'},
 'lazyimg': '//img5.taoche.cn/31/02171gc4w3.jpg',
 'mileage': '1.40万公里',
 'price': '17.58',
 'resisted_data': '2020年',
 'title': '奥迪A3 2020款 Limousine 35 TFSI 时尚型'}
2021-07-29 06:15:49 [taochePro.spiders.taoche] WARNING: {'city': '南京',
 'detail': {'display': '2.0L', 'transmission': '双离合'},
 'lazyimg': '//img5.taoche.cn/31/02171gc4w3.jpg',
 'mileage': '3.00万公里',
 'price': '28.80',
 'resisted_data': '2018年',
 'title': '奥迪A4(进口) 2017款 45TFSI allroad quattro 时尚版'}
2021-07-29 06:15:49 [taochePro.spiders.taoche] WARNING: {'city': '南京',
 'detail': {'display': '2.0L', 'transmission': '双离合'},
 'lazyimg': '//img5.taoche.cn/31/02171gc4w3.jpg',
 'mileage': '3.00万公里',
 'price': '21.98',
 'resisted_data': '2018年',
 'title': '奥迪A4L 2018款 30周年版 40 TFSI 进取版'}
2021-07-29 06:15:49 [taochePro.spiders.taoche] WARNING: {'city': '南京',
 'detail': {'display': '1.4L', 'transmission': '双离合'},
 'lazyimg': '//img5.taoche.cn/31/02171gc4w3.jpg',
 'mileage': '3.80万公里',
 'price': '16.50',
 'resisted_data': '2016年',
 'title': '奥迪Q3 2016款 30 TFSI 风尚型'}
2021-07-29 06:15:49 [taochePro.spiders.taoche] WARNING: {'city': '南京',
 'detail': {'display': '2.0L', 'transmission': '双离合'},
 'lazyimg': '//img5.taoche.cn/31/02171gc4w3.jpg',
 'mileage': '3.68万公里',
 'price': '24.99',
 'resisted_data': '2017年',
 'title': '奥迪A4L 2017款 45 TFSI quattro 风尚型'}
2021-07-29 06:15:49 [taochePro.spiders.taoche] WARNING: {'city': '南京',
 'detail': {'display': '1.4L', 'transmission': '双离合'},
 'lazyimg': '//img5.taoche.cn/31/02171gc4w3.jpg',
 'mileage': '4.00万公里',
 'price': '14.90',
 'resisted_data': '2018年',
 'title': '奥迪A3 2018款 30周年纪念版 Sportback 35TFSI 风尚版'}
2021-07-29 06:15:49 [taochePro.spiders.taoche] WARNING: {'city': '南京',
 'detail': {'display': '3.0L', 'transmission': '手自一体'},
 'lazyimg': '//img5.taoche.cn/31/02171gc4w3.jpg',
 'mileage': '2.00万公里',
 'price': '68.80',
 'resisted_data': '2020年',
 'title': '奥迪A8L 2019款 50 TFSI quattro 舒适型'}
2021-07-29 06:15:49 [taochePro.spiders.taoche] WARNING: {'city': '南京',
 'detail': {'display': '2.9L', 'transmission': '手自一体'},
 'lazyimg': '//img5.taoche.cn/31/02171gc4w3.jpg',
 'mileage': '0.68万公里',
 'price': '81.99',
 'resisted_data': '2020年',
 'title': '奥迪RS 5 2019款 2.9T Coupe'}
2021-07-29 06:15:49 [taochePro.spiders.taoche] WARNING: {'city': '南京',
 'detail': {'display': '3.0L', 'transmission': '手自一体'},
 'lazyimg': '//img5.taoche.cn/31/02171gc4w3.jpg',
 'mileage': '1.00万公里',
 'price': '75.98',
 'resisted_data': '2020年',
 'title': '奥迪A8L 2019款 50 TFSI quattro 豪华型'}
2021-07-29 06:15:49 [taochePro.spiders.taoche] WARNING: {'city': '南京',
 'detail': {'display': '2.0L', 'transmission': '双离合'},
 'lazyimg': '//img5.taoche.cn/31/02171gc4w3.jpg',
 'mileage': '6.50万公里',
 'price': '17.38',
 'resisted_data': '2015年',
 'title': '奥迪A4L 2015款 45 TFSI quattro 个性运动型'}
2021-07-29 06:15:49 [taochePro.spiders.taoche] WARNING: {'city': '南京',
 'detail': {'display': '2.0L', 'transmission': 'CVT无级变速'},
 'lazyimg': '//img5.taoche.cn/31/02171gc4w3.jpg',
 'mileage': '10.22万公里',
 'price': '11.80',
 'resisted_data': '2012年',
 'title': '奥迪A4L 2012款 2.0 TFSI(132kW) 舒适型'}
2021-07-29 06:15:50 [taochePro.spiders.taoche] WARNING: {'city': '南京',
 'detail': {'display': '3.0L', 'transmission': '手自一体'},
 'lazyimg': '//img5.taoche.cn/31/02171gc4w3.jpg',
 'mileage': '11.00万公里',
 'price': '21.80',
 'resisted_data': '2012年',
 'title': '奥迪Q7 2012款 3.0 TFSI quattro(245kW)专享型'}
2021-07-29 06:15:50 [taochePro.spiders.taoche] WARNING: {'city': '南京',
 'detail': {'display': '2.0L', 'transmission': '手自一体'},
 'lazyimg': '//img5.taoche.cn/31/02171gc4w3.jpg',
 'mileage': '10.90万公里',
 'price': '21.50',
 'resisted_data': '2016年',
 'title': '奥迪Q5 2017款 40TFSI 技术版'}
2021-07-29 06:15:50 [taochePro.spiders.taoche] WARNING: {'city': '南京',
 'detail': {'display': '1.8L', 'transmission': 'CVT无级变速'},
 'lazyimg': '//img5.taoche.cn/31/02171gc4w3.jpg',
 'mileage': '12.00万公里',
 'price': '9.68',
 'resisted_data': '2012年',
 'title': '奥迪A4L 2012款 1.8 TFSI 自动 舒适型'}
2021-07-29 06:15:50 [taochePro.spiders.taoche] WARNING: {'city': '南京',
 'detail': {'display': '2.5L', 'transmission': 'CVT无级变速'},
 'lazyimg': '//img5.taoche.cn/31/02171gc4w3.jpg',
 'mileage': '12.00万公里',
 'price': '18.00',
 'resisted_data': '2013年',
 'title': '奥迪A6L 2012款 30 FSI 技术型'}
2021-07-29 06:15:50 [taochePro.spiders.taoche] WARNING: {'city': '南京',
 'detail': {'display': '1.4L', 'transmission': '双离合'},
 'lazyimg': '//img5.taoche.cn/31/02171gc4w3.jpg',
 'mileage': '7.70万公里',
 'price': '10.68',
 'resisted_data': '2016年',
 'title': '奥迪A3 2016款 Sportback 35TFSI 进取型'}
2021-07-29 06:15:50 [taochePro.spiders.taoche] WARNING: {'city': '南京',
 'detail': {'display': '2.0L', 'transmission': '双离合'},
 'lazyimg': '//img5.taoche.cn/31/02171gc4w3.jpg',
 'mileage': '6.00万公里',
 'price': '19.80',
 'resisted_data': '2013年',
 'title': '奥迪TT 2013款 Coupe 45 TFSI quattro 白色经典版'}
2021-07-29 06:15:50 [taochePro.spiders.taoche] WARNING: {'city': '南京',
 'detail': {'display': '2.0L', 'transmission': '双离合'},
 'lazyimg': '//img5.taoche.cn/31/02171gc4w3.jpg',
 'mileage': '8.00万公里',
 'price': '23.60',
 'resisted_data': '2015年',
 'title': '奥迪TT 2014款 Coupe 45 TFSI quattro 劲动型'}
2021-07-29 06:15:50 [taochePro.spiders.taoche] WARNING: {'city': '南京',
 'detail': {'display': '2.0L', 'transmission': 'CVT无级变速'},
 'lazyimg': '//img5.taoche.cn/31/02171gc4w3.jpg',
 'mileage': '9.00万公里',
 'price': '15.80',
 'resisted_data': '2012年',
 'title': '奥迪A5 2012款 Coupe 2.0T CVT'}
2021-07-29 06:15:50 [taochePro.spiders.taoche] WARNING: {'city': '南京',
 'detail': {'display': '2.0L', 'transmission': '双离合'},
 'lazyimg': '//img5.taoche.cn/31/02171gc4w3.jpg',
 'mileage': '7.52万公里',
 'price': '24.99',
 'resisted_data': '2019年',
 'title': '奥迪A4L 2019款 40 TFSI 时尚版 国VI'}
2021-07-29 06:15:50 [taochePro.spiders.taoche] WARNING: {'city': '南京',
 'detail': {'display': '2.0L', 'transmission': '双离合'},
 'lazyimg': '//img5.taoche.cn/31/02171gc4w3.jpg',
 'mileage': '7.00万公里',
 'price': '19.88',
 'resisted_data': '2014年',
 'title': '奥迪TT 2014款 Coupe 45 TFSI 劲动型'}
2021-07-29 06:15:50 [taochePro.spiders.taoche] WARNING: {'city': '南京',
 'detail': {'display': '2.0L', 'transmission': '手自一体'},
 'lazyimg': '//img5.taoche.cn/31/02171gc4w3.jpg',
 'mileage': '7.00万公里',
 'price': '20.80',
 'resisted_data': '2015年',
 'title': '奥迪Q5 2016款 40TFSI 舒适型'}
2021-07-29 06:15:50 [taochePro.spiders.taoche] WARNING: {'city': '南京',
 'detail': {'display': '3.0L', 'transmission': '手自一体'},
 'lazyimg': '//img5.taoche.cn/31/02171gc4w3.jpg',
 'mileage': '7.00万公里',
 'price': '46.50',
 'resisted_data': '2017年',
 'title': '奥迪Q7 2017款 3.0T(加拿大版)'}
2021-07-29 06:15:50 [taochePro.spiders.taoche] WARNING: {'city': '南京',
 'detail': {'display': '2.0L', 'transmission': '手自一体'},
 'lazyimg': '//img5.taoche.cn/31/02171gc4w3.jpg',
 'mileage': '7.00万公里',
 'price': '41.80',
 'resisted_data': '2016年',
 'title': '奥迪Q7 2016款 40 TFSI 舒适版'}
2021-07-29 06:15:50 [taochePro.spiders.taoche] WARNING: {'city': '南京',
 'detail': {'display': '3.0L', 'transmission': '双离合'},
 'lazyimg': '//img5.taoche.cn/31/02171gc4w3.jpg',
 'mileage': '7.00万公里',
 'price': '26.80',
 'resisted_data': '2015年',
 'title': '奥迪S5 2012款 Sportback 3.0T'}
2021-07-29 06:15:50 [taochePro.spiders.taoche] WARNING: {'city': '南京',
 'detail': {'display': '2.0L', 'transmission': '手自一体'},
 'lazyimg': '//img5.taoche.cn/31/02171gc4w3.jpg',
 'mileage': '11.49万公里',
 'price': '23.00',
 'resisted_data': '2018年',
 'title': '奥迪Q5 2017款 Plus 40 TFSI 进取版'}
2021-07-29 06:15:50 [taochePro.spiders.taoche] WARNING: {'city': '南京',
 'detail': {'display': '2.0L', 'transmission': 'CVT无级变速'},
 'lazyimg': '//img5.taoche.cn/31/02171gc4w3.jpg',
 'mileage': '11.00万公里',
 'price': '12.60',
 'resisted_data': '2013年',
 'title': '奥迪A4L 2013款 35 TFSI 自动 舒适型'}
2021-07-29 06:15:50 [taochePro.spiders.taoche] WARNING: {'city': '南京',
 'detail': {'display': '1.4L', 'transmission': '双离合'},
 'lazyimg': '//img5.taoche.cn/31/02171gc4w3.jpg',
 'mileage': '1.60万公里',
 'price': '15.98',
 'resisted_data': '2020年',
 'title': '奥迪A3 2020款 Limousine 35 TFSI 进取型'}
2021-07-29 06:15:50 [taochePro.spiders.taoche] WARNING: {'city': '南京',
 'detail': {'display': '1.4L', 'transmission': '双离合'},
 'lazyimg': '//img5.taoche.cn/31/02171gc4w3.jpg',
 'mileage': '9.00万公里',
 'price': '11.58',
 'resisted_data': '2015年',
 'title': '奥迪A3 2014款 Sportback 35TFSI 豪华型'}
2021-07-29 06:15:51 [taochePro.spiders.taoche] WARNING: {'city': '南京',
 'detail': {'display': '1.4L', 'transmission': '双离合'},
 'lazyimg': '//img5.taoche.cn/31/02171gc4w3.jpg',
 'mileage': '9.30万公里',
 'price': '13.98',
 'resisted_data': '2016年',
 'title': '奥迪Q3 2016款 30 TFSI 时尚型'}
2021-07-29 06:15:51 [taochePro.spiders.taoche] WARNING: {'city': '南京',
 'detail': {'display': '1.8L', 'transmission': '双离合'},
 'lazyimg': '//img5.taoche.cn/31/02171gc4w3.jpg',
 'mileage': '8.70万公里',
 'price': '24.85',
 'resisted_data': '2016年',
 'title': '奥迪A6L 2017款 TFSI 技术版'}
2021-07-29 06:15:51 [taochePro.spiders.taoche] WARNING: {'city': '南京',
 'detail': {'display': '2.0L', 'transmission': '双离合'},
 'lazyimg': '//img5.taoche.cn/31/02171gc4w3.jpg',
 'mileage': '12.03万公里',
 'price': '14.98',
 'resisted_data': '2015年',
 'title': '奥迪Q3 2015款 35 TFSI 舒适型'}
2021-07-29 06:15:51 [taochePro.spiders.taoche] WARNING: {'city': '南京',
 'detail': {'display': '2.0L', 'transmission': '手自一体'},
 'lazyimg': '//img5.taoche.cn/31/02171gc4w3.jpg',
 'mileage': '8.15万公里',
 'price': '21.30',
 'resisted_data': '2016年',
 'title': '奥迪Q5 2016款 40TFSI 技术型'}
2021-07-29 06:15:51 [taochePro.spiders.taoche] WARNING: {'city': '南京',
 'detail': {'display': '3.0L', 'transmission': '手自一体'},
 'lazyimg': '//img5.taoche.cn/31/02171gc4w3.jpg',
 'mileage': '20.00万公里',
 'price': '19.80',
 'resisted_data': '2011年',
 'title': '奥迪Q7 2011款 3.0 TFSI quattro(200kW) 技术型'}
2021-07-29 06:15:51 [taochePro.spiders.taoche] WARNING: {'city': '南京',
 'detail': {'display': '4.0L', 'transmission': '双离合'},
 'lazyimg': '//img5.taoche.cn/31/02171gc4w3.jpg',
 'mileage': '9.80万公里',
 'price': '51.98',
 'resisted_data': '2015年',
 'title': '奥迪S7 2013款 4.0TFSI'}
2021-07-29 06:15:51 [taochePro.spiders.taoche] WARNING: {'city': '南京',
 'detail': {'display': '3.0L', 'transmission': '手自一体'},
 'lazyimg': '//img5.taoche.cn/31/02171gc4w3.jpg',
 'mileage': '12.00万公里',
 'price': '42.58',
 'resisted_data': '2016年',
 'title': '奥迪Q7 2016款 45 TFSI 技术版'}
2021-07-29 06:15:51 [taochePro.spiders.taoche] WARNING: {'city': '南京',
 'detail': {'display': '2.0L', 'transmission': '湿式双离合'},
 'lazyimg': '//img5.taoche.cn/31/02171gc4w3.jpg',
 'mileage': '1.20万公里',
 'price': '27.68',
 'resisted_data': '2020年',
 'title': '奥迪A4L 2020款 40 TFSI 豪华致雅型'}
2021-07-29 06:15:51 [taochePro.spiders.taoche] WARNING: {'city': '南京',
 'detail': {'display': '3.0L', 'transmission': '双离合'},
 'lazyimg': '//img5.taoche.cn/31/02171gc4w3.jpg',
 'mileage': '12.80万公里',
 'price': '29.20',
 'resisted_data': '2013年',
 'title': '奥迪A7 2013款 50 TFSI quattro 舒适型'}
2021-07-29 06:15:51 [taochePro.spiders.taoche] WARNING: {'city': '南京',
 'detail': {'display': '3.0L', 'transmission': '手自一体'},
 'lazyimg': '//img5.taoche.cn/31/02171gc4w3.jpg',
 'mileage': '13.47万公里',
 'price': '26.80',
 'resisted_data': '2015年',
 'title': '奥迪Q7 2015款 35 TFSI quattro 进取型'}
2021-07-29 06:15:51 [taochePro.spiders.taoche] WARNING: {'city': '南京',
 'detail': {'display': '0.0L', 'transmission': '单速变速箱'},
 'lazyimg': '//img5.taoche.cn/31/02171gc4w3.jpg',
 'mileage': '0.97万公里',
 'price': '15.98',
 'resisted_data': '2019年',
 'title': '奥迪Q2L 纯电动 2020款 纯电智享型'}
2021-07-29 06:15:51 [taochePro.spiders.taoche] WARNING: {'city': '南京',
 'detail': {'display': '2.0L', 'transmission': 'CVT无级变速'},
 'lazyimg': '//img5.taoche.cn/31/02171gc4w3.jpg',
 'mileage': '9.10万公里',
 'price': '8.99',
 'resisted_data': '2011年',
 'title': '奥迪A4L 2011款 2.0 TFSI(132kW) 舒适型'}
2021-07-29 06:15:51 [taochePro.spiders.taoche] WARNING: {'city': '南京',
 'detail': {'display': '2.0L', 'transmission': '手自一体'},
 'lazyimg': '//img5.taoche.cn/31/02171gc4w3.jpg',
 'mileage': '11.67万公里',
 'price': '16.50',
 'resisted_data': '2014年',
 'title': '奥迪Q5 2013款 40TFSI 技术型'}
2021-07-29 06:15:51 [taochePro.spiders.taoche] WARNING: {'city': '南京',
 'detail': {'display': '3.0L', 'transmission': '手自一体'},
 'lazyimg': '//img5.taoche.cn/31/02171gc4w3.jpg',
 'mileage': '7.00万公里',
 'price': '40.98',
 'resisted_data': '2018年',
 'title': '奥迪S4 2018款 3.0T Limousine'}
2021-07-29 06:15:51 [taochePro.spiders.taoche] WARNING: {'city': '南京',
 'detail': {'display': '1.4L', 'transmission': '双离合'},
 'lazyimg': '//img5.taoche.cn/31/02171gc4w3.jpg',
 'mileage': '2.50万公里',
 'price': '16.88',
 'resisted_data': '2019年',
 'title': '奥迪A3 2019款 Limousine 35TFSI 运动版 国V'}
2021-07-29 06:15:51 [taochePro.spiders.taoche] WARNING: {'city': '南京',
 'detail': {'display': '2.0L', 'transmission': '双离合'},
 'lazyimg': '//img5.taoche.cn/31/02171gc4w3.jpg',
 'mileage': '1.90万公里',
 'price': '27.58',
 'resisted_data': '2019年',
 'title': '奥迪A4L 2019款 45 TFSI quattro个性运动版 国VI'}
2021-07-29 06:15:51 [taochePro.spiders.taoche] WARNING: {'city': '南京',
 'detail': {'display': '0.0L', 'transmission': '自动'},
 'lazyimg': '//img5.taoche.cn/31/02171gc4w3.jpg',
 'mileage': '2.34万公里',
 'price': '37.99',
 'resisted_data': '2021年',
 'title': '奥迪e-tron(进口) 2020款 55 quattro 技术版'}
2021-07-29 06:15:52 [taochePro.spiders.taoche] WARNING: {'city': '南京',
 'detail': {'display': '3.0L', 'transmission': '手自一体'},
 'lazyimg': '//img5.taoche.cn/31/02171gc4w3.jpg',
 'mileage': '0.90万公里',
 'price': '70.80',
 'resisted_data': '2020年',
 'title': '奥迪Q7 2019款 55 TFSI S line运动版'}
2021-07-29 06:15:52 [taochePro.spiders.taoche] WARNING: {'city': '南京',
 'detail': {'display': '3.0L', 'transmission': '手自一体'},
 'lazyimg': '//img5.taoche.cn/31/02171gc4w3.jpg',
 'mileage': '0.16万公里',
 'price': '69.80',
 'resisted_data': '2020年',
 'title': '奥迪Q7 2020款 55 TFSI quattro S line 运动型'}
2021-07-29 06:15:52 [taochePro.spiders.taoche] WARNING: {'city': '南京',
 'detail': {'display': '2.0L', 'transmission': '双离合'},
 'lazyimg': '//img5.taoche.cn/31/02171gc4w3.jpg',
 'mileage': '1.00万公里',
 'price': '35.88',
 'resisted_data': '2016年',
 'title': '奥迪TT 2015款 Roadster 45 TFSI'}
2021-07-29 06:15:52 [taochePro.spiders.taoche] WARNING: {'city': '南京',
 'detail': {'display': '1.4L', 'transmission': '双离合'},
 'lazyimg': '//img5.taoche.cn/31/02171gc4w3.jpg',
 'mileage': '7.70万公里',
 'price': '11.58',
 'resisted_data': '2015年',
 'title': '奥迪A3 2014款 Sportback 35TFSI 舒适型'}
2021-07-29 06:15:52 [taochePro.spiders.taoche] WARNING: {'city': '南京',
 'detail': {'display': '3.0L', 'transmission': '手自一体'},
 'lazyimg': '//img5.taoche.cn/31/02171gc4w3.jpg',
 'mileage': '0.58万公里',
 'price': '72.98',
 'resisted_data': '2021年',
 'title': '奥迪Q7 2020款 55 TFSI quattro S line 运动型'}
2021-07-29 06:15:52 [taochePro.spiders.taoche] WARNING: {'city': '南京',
 'detail': {'display': '1.4L', 'transmission': '双离合'},
 'lazyimg': '//img5.taoche.cn/31/02171gc4w3.jpg',
 'mileage': '4.00万公里',
 'price': '16.20',
 'resisted_data': '2019年',
 'title': '奥迪Q2L 2018款 35 TFSI 时尚致雅版 国VI'}
2021-07-29 06:15:52 [taochePro.spiders.taoche] WARNING: {'city': '南京',
 'detail': {'display': '2.0L', 'transmission': '手自一体'},
 'lazyimg': '//img5.taoche.cn/31/02171gc4w3.jpg',
 'mileage': '0.17万公里',
 'price': '69.58',
 'resisted_data': '2020年',
 'title': '奥迪Q8 2019款 45 TFSI quattro 臻选动感型'}
2021-07-29 06:15:52 [taochePro.spiders.taoche] WARNING: {'city': '南京',
 'detail': {'display': '3.0L', 'transmission': '手自一体'},
 'lazyimg': '//img5.taoche.cn/31/02171gc4w3.jpg',
 'mileage': '7.80万公里',
 'price': '55.80',
 'resisted_data': '2018年',
 'title': '奥迪Q7 2018款 45 TFSI S line运动版'}
2021-07-29 06:15:52 [taochePro.spiders.taoche] WARNING: {'city': '南京',
 'detail': {'display': '3.0L', 'transmission': '双离合'},
 'lazyimg': '//img5.taoche.cn/31/02171gc4w3.jpg',
 'mileage': '7.00万公里',
 'price': '33.80',
 'resisted_data': '2017年',
 'title': '奥迪A6L 2018款 30周年纪念版 45 TFSI quattro 运动版'}
2021-07-29 06:15:52 [taochePro.spiders.taoche] WARNING: {'city': '南京',
 'detail': {'display': '2.0L', 'transmission': '手自一体'},
 'lazyimg': '//img5.taoche.cn/31/02171gc4w3.jpg',
 'mileage': '8.00万公里',
 'price': '24.58',
 'resisted_data': '2017年',
 'title': '奥迪Q5 2017款 40TFSI 技术版'}
2021-07-29 06:15:52 [taochePro.spiders.taoche] WARNING: {'city': '南京',
 'detail': {'display': '2.0L', 'transmission': '手自一体'},
 'lazyimg': '//img5.taoche.cn/31/02171gc4w3.jpg',
 'mileage': '10.00万公里',
 'price': '19.88',
 'resisted_data': '2016年',
 'title': '奥迪Q5 2016款 40TFSI 舒适型'}
2021-07-29 06:15:52 [taochePro.spiders.taoche] WARNING: {'city': '南京',
 'detail': {'display': '2.0L', 'transmission': 'CVT无级变速'},
 'lazyimg': '//img5.taoche.cn/31/02171gc4w3.jpg',
 'mileage': '7.70万公里',
 'price': '27.80',
 'resisted_data': '2017年',
 'title': '奥迪A5 2016款 改款 Sportback 45 TFSI 舒适版'}
2021-07-29 06:15:52 [taochePro.spiders.taoche] WARNING: {'city': '南京',
 'detail': {'display': '1.4L', 'transmission': '双离合'},
 'lazyimg': '//img5.taoche.cn/31/02171gc4w3.jpg',
 'mileage': '6.00万公里',
 'price': '12.80',
 'resisted_data': '2016年',
 'title': '奥迪A3 2016款 Limousine 35TFSI 领英型'}
2021-07-29 06:15:52 [taochePro.spiders.taoche] WARNING: {'city': '南京',
 'detail': {'display': '2.0L', 'transmission': '手自一体'},
 'lazyimg': '//img5.taoche.cn/31/02171gc4w3.jpg',
 'mileage': '5.26万公里',
 'price': '52.99',
 'resisted_data': '2019年',
 'title': '奥迪Q7 2019款 45 TFSI 舒适版'}
2021-07-29 06:15:52 [taochePro.spiders.taoche] WARNING: {'city': '南京',
 'detail': {'display': '2.0L', 'transmission': '手自一体'},
 'lazyimg': '//img5.taoche.cn/31/02171gc4w3.jpg',
 'mileage': '13.00万公里',
 'price': '17.80',
 'resisted_data': '2014年',
 'title': '奥迪Q5 2013款 40TFSI 技术型'}
2021-07-29 06:15:52 [taochePro.spiders.taoche] WARNING: {'city': '南京',
 'detail': {'display': '2.0L', 'transmission': 'CVT无级变速'},
 'lazyimg': '//img5.taoche.cn/31/02171gc4w3.jpg',
 'mileage': '11.00万公里',
 'price': '13.58',
 'resisted_data': '2013年',
 'title': '奥迪A4L 2013款 35 TFSI 自动 标准型'}
2021-07-29 06:15:52 [taochePro.spiders.taoche] WARNING: {'city': '南京',
 'detail': {'display': '1.8L', 'transmission': '双离合'},
 'lazyimg': '//img5.taoche.cn/31/02171gc4w3.jpg',
 'mileage': '10.37万公里',
 'price': '10.38',
 'resisted_data': '2014年',
 'title': '奥迪A3(进口) 2014款 Sportback 40 TFSI S line 舒适型'}
2021-07-29 06:15:52 [taochePro.spiders.taoche] WARNING: {'city': '南京',
 'detail': {'display': '2.0L', 'transmission': 'CVT无级变速'},
 'lazyimg': '//img5.taoche.cn/31/02171gc4w3.jpg',
 'mileage': '4.45万公里',
 'price': '25.58',
 'resisted_data': '2016年',
 'title': '奥迪A5 2016款 改款 Cabriolet 45 TFSI 舒适版'}
2021-07-29 06:15:52 [taochePro.spiders.taoche] WARNING: {'city': '南京',
 'detail': {'display': '2.0L', 'transmission': '手自一体'},
 'lazyimg': '//img5.taoche.cn/31/02171gc4w3.jpg',
 'mileage': '13.00万公里',
 'price': '14.80',
 'resisted_data': '2012年',
 'title': '奥迪Q5 2012款 2.0 TFSI 进取型'}
2021-07-29 06:15:53 [taochePro.spiders.taoche] WARNING: {'city': '南京',
 'detail': {'display': '2.0L', 'transmission': '双离合'},
 'lazyimg': '//img5.taoche.cn/31/02171gc4w3.jpg',
 'mileage': '8.50万公里',
 'price': '18.50',
 'resisted_data': '2012年',
 'title': '奥迪TT 2011款 TT Roadster 2.0 TFSI S tronic quattro'}
2021-07-29 06:15:53 [taochePro.spiders.taoche] WARNING: {'city': '南京',
 'detail': {'display': '2.8L', 'transmission': '双离合'},
 'lazyimg': '//img5.taoche.cn/31/02171gc4w3.jpg',
 'mileage': '10.00万公里',
 'price': '23.50',
 'resisted_data': '2013年',
 'title': '奥迪A7 2013款 35 FSI quattro 进取型'}
2021-07-29 06:15:53 [taochePro.spiders.taoche] WARNING: {'city': '南京',
 'detail': {'display': '1.4L', 'transmission': '双离合'},
 'lazyimg': '//img5.taoche.cn/31/02171gc4w3.jpg',
 'mileage': '10.26万公里',
 'price': '13.98',
 'resisted_data': '2017年',
 'title': '奥迪A3 2016款 Limousine 35TFSI 风尚型'}
2021-07-29 06:15:53 [taochePro.spiders.taoche] WARNING: {'city': '南京',
 'detail': {'display': '2.0L', 'transmission': 'CVT无级变速'},
 'lazyimg': '//img5.taoche.cn/31/02171gc4w3.jpg',
 'mileage': '13.00万公里',
 'price': '7.98',
 'resisted_data': '2009年',
 'title': '奥迪A6L 2010款 2.0TFSI 标准型(自动)'}
2021-07-29 06:15:53 [taochePro.spiders.taoche] WARNING: {'city': '南京',
 'detail': {'display': '1.4L', 'transmission': '双离合'},
 'lazyimg': '//img5.taoche.cn/31/02171gc4w3.jpg',
 'mileage': '0.05万公里',
 'price': '17.98',
 'resisted_data': '2000年',
 'title': '奥迪A3 2020款 Limousine 35 TFSI 时尚型'}
2021-07-29 06:15:53 [taochePro.spiders.taoche] WARNING: {'city': '南京',
 'detail': {'display': '2.0L', 'transmission': 'CVT无级变速'},
 'lazyimg': '//img5.taoche.cn/31/02171gc4w3.jpg',
 'mileage': '15.49万公里',
 'price': '8.38',
 'resisted_data': '2009年',
 'title': '奥迪A4L 2010款 2.0TFSI 舒适型'}
2021-07-29 06:15:53 [taochePro.spiders.taoche] WARNING: {'city': '南京',
 'detail': {'display': '1.4L', 'transmission': '双离合'},
 'lazyimg': '//img5.taoche.cn/31/02171gc4w3.jpg',
 'mileage': '2.30万公里',
 'price': '20.98',
 'resisted_data': '2019年',
 'title': '奥迪Q3 2019款 35 TFSI 进取动感版'}
2021-07-29 06:15:53 [taochePro.spiders.taoche] WARNING: {'city': '南京',
 'detail': {'display': '2.0L', 'transmission': '湿式双离合'},
 'lazyimg': '//img5.taoche.cn/31/02171gc4w3.jpg',
 'mileage': '0.02万公里',
 'price': '29.68',
 'resisted_data': '2000年',
 'title': '奥迪Q3 Sportback 2020款 45TFSI quattro 时尚型'}
2021-07-29 06:15:53 [taochePro.spiders.taoche] WARNING: {'city': '南京',
 'detail': {'display': '3.0L', 'transmission': '双离合'},
 'lazyimg': '//img5.taoche.cn/31/02171gc4w3.jpg',
 'mileage': '5.70万公里',
 'price': '41.80',
 'resisted_data': '2018年',
 'title': '奥迪A6 2018款 3.0T allroad quattro'}
2021-07-29 06:15:53 [taochePro.spiders.taoche] WARNING: {'city': '南京',
 'detail': {'display': '3.0L', 'transmission': '双离合'},
 'lazyimg': '//img5.taoche.cn/31/02171gc4w3.jpg',
 'mileage': '0.34万公里',
 'price': '54.88',
 'resisted_data': '2021年',
 'title': '奥迪A6 2020款 Allroad quattro 探索家 55 TFSI 尊享越野型'}
2021-07-29 06:15:53 [taochePro.spiders.taoche] WARNING: {'city': '南京',
 'detail': {'display': '1.4L', 'transmission': '双离合'},
 'lazyimg': '//img5.taoche.cn/31/02171gc4w3.jpg',
 'mileage': '2.30万公里',
 'price': '21.98',
 'resisted_data': '2020年',
 'title': '奥迪Q3 2020款 35 TFSI 进取动感型'}
2021-07-29 06:15:53 [taochePro.spiders.taoche] WARNING: {'city': '南京',
 'detail': {'display': '3.0L', 'transmission': '双离合'},
 'lazyimg': '//img5.taoche.cn/31/02171gc4w3.jpg',
 'mileage': '5.00万公里',
 'price': '37.80',
 'resisted_data': '2016年',
 'title': '奥迪A6 2017款 3.0T allroad quattro'}
2021-07-29 06:15:53 [taochePro.spiders.taoche] WARNING: {'city': '南京',
 'detail': {'display': '2.0L', 'transmission': '双离合'},
 'lazyimg': '//img5.taoche.cn/31/02171gc4w3.jpg',
 'mileage': '2.20万公里',
 'price': '32.58',
 'resisted_data': '2020年',
 'title': '奥迪A5 2019款 Sportback 40 TFSI 时尚版 国V'}
2021-07-29 06:15:53 [taochePro.spiders.taoche] WARNING: {'city': '南京',
 'detail': {'display': '2.0L', 'transmission': '双离合'},
 'lazyimg': '//img5.taoche.cn/31/02171gc4w3.jpg',
 'mileage': '2.60万公里',
 'price': '21.68',
 'resisted_data': '2019年',
 'title': '奥迪Q3 2016款 40 TFSI quattro 全时四驱风尚型'}
2021-07-29 06:15:53 [taochePro.spiders.taoche] WARNING: {'city': '南京',
 'detail': {'display': '2.0L', 'transmission': '双离合'},
 'lazyimg': '//img5.taoche.cn/31/02171gc4w3.jpg',
 'mileage': '2.10万公里',
 'price': '28.50',
 'resisted_data': '2018年',
 'title': '奥迪A6L 2018款 30周年纪念版 35 TFSI 运动版'}
2021-07-29 06:15:53 [taochePro.spiders.taoche] WARNING: {'city': '南京',
 'detail': {'display': '2.0L', 'transmission': '湿式双离合'},
 'lazyimg': '//img5.taoche.cn/31/02171gc4w3.jpg',
 'mileage': '1.40万公里',
 'price': '32.80',
 'resisted_data': '2020年',
 'title': '奥迪Q5L 2020款 改款 40 TFSI 荣享进取型'}
2021-07-29 06:15:53 [taochePro.spiders.taoche] WARNING: {'city': '南京',
 'detail': {'display': '2.0L', 'transmission': '双离合'},
 'lazyimg': '//img5.taoche.cn/31/02171gc4w3.jpg',
 'mileage': '1.10万公里',
 'price': '36.98',
 'resisted_data': '2019年',
 'title': '奥迪A6L 2019款 45 TFSI 臻选动感版'}
2021-07-29 06:15:53 [taochePro.spiders.taoche] WARNING: {'city': '南京',
 'detail': {'display': '3.0L', 'transmission': '手自一体'},
 'lazyimg': '//img5.taoche.cn/31/02171gc4w3.jpg',
 'mileage': '7.00万公里',
 'price': '49.80',
 'resisted_data': '2018年',
 'title': '奥迪Q7 2018款 45 TFSI 技术版'}
2021-07-29 06:15:54 [taochePro.spiders.taoche] WARNING: {'city': '南京',
 'detail': {'display': '1.4L', 'transmission': '双离合'},
 'lazyimg': '//img5.taoche.cn/31/02171gc4w3.jpg',
 'mileage': '7.70万公里',
 'price': '11.88',
 'resisted_data': '2016年',
 'title': '奥迪A3 2016款 Sportback 35TFSI 领英型'}
2021-07-29 06:15:54 [taochePro.spiders.taoche] WARNING: {'city': '南京',
 'detail': {'display': '2.0L', 'transmission': '双离合'},
 'lazyimg': '//img5.taoche.cn/31/02171gc4w3.jpg',
 'mileage': '4.00万公里',
 'price': '23.80',
 'resisted_data': '2014年',
 'title': '奥迪TT 2013款 TTS Coupe 2.0TFSI quattro'}
2021-07-29 06:15:54 [taochePro.spiders.taoche] WARNING: {'city': '南京',
 'detail': {'display': '1.4L', 'transmission': '双离合'},
 'lazyimg': '//img5.taoche.cn/31/02171gc4w3.jpg',
 'mileage': '3.60万公里',
 'price': '16.98',
 'resisted_data': '2019年',
 'title': '奥迪Q2L 2018款 35 TFSI 时尚致雅版 国VI'}
2021-07-29 06:15:54 [taochePro.spiders.taoche] WARNING: {'city': '南京',
 'detail': {'display': '1.8L', 'transmission': 'CVT无级变速'},
 'lazyimg': '//img5.taoche.cn/31/02171gc4w3.jpg',
 'mileage': '4.60万公里',
 'price': '14.50',
 'resisted_data': '2014年',
 'title': '奥迪A4L 2013款 30 TFSI 自动 舒适型'}
2021-07-29 06:15:54 [taochePro.spiders.taoche] WARNING: {'city': '南京',
 'detail': {'display': '2.0L', 'transmission': '双离合'},
 'lazyimg': '//img5.taoche.cn/31/02171gc4w3.jpg',
 'mileage': '6.00万公里',
 'price': '24.60',
 'resisted_data': '2017年',
 'title': '奥迪A4L 2017款 45 TFSI quattro 运动型'}
2021-07-29 06:15:54 [taochePro.spiders.taoche] WARNING: {'city': '南京',
 'detail': {'display': '2.5L', 'transmission': 'CVT无级变速'},
 'lazyimg': '//img5.taoche.cn/31/02171gc4w3.jpg',
 'mileage': '12.00万公里',
 'price': '23.80',
 'resisted_data': '2015年',
 'title': '奥迪A6L 2014款 30 FSI 技术型'}
2021-07-29 06:15:54 [taochePro.spiders.taoche] WARNING: {'city': '南京',
 'detail': {'display': '3.0L', 'transmission': '双离合'},
 'lazyimg': '//img5.taoche.cn/31/02171gc4w3.jpg',
 'mileage': '10.00万公里',
 'price': '25.88',
 'resisted_data': '2012年',
 'title': '奥迪S5 2010款 Cabriolet'}
2021-07-29 06:15:54 [taochePro.spiders.taoche] WARNING: {'city': '南京',
 'detail': {'display': '1.4L', 'transmission': '双离合'},
 'lazyimg': '//img5.taoche.cn/31/02171gc4w3.jpg',
 'mileage': '9.90万公里',
 'price': '16.80',
 'resisted_data': '2017年',
 'title': '奥迪Q3 2017款 30 TFSI 时尚版'}
2021-07-29 06:15:54 [taochePro.spiders.taoche] WARNING: {'city': '南京',
 'detail': {'display': '3.0L', 'transmission': '手自一体'},
 'lazyimg': '//img5.taoche.cn/31/02171gc4w3.jpg',
 'mileage': '6.78万公里',
 'price': '40.98',
 'resisted_data': '2018年',
 'title': '奥迪S4 2018款 3.0T Limousine'}
2021-07-29 06:15:54 [taochePro.spiders.taoche] WARNING: {'city': '南京',
 'detail': {'display': '2.0L', 'transmission': 'CVT无级变速'},
 'lazyimg': '//img5.taoche.cn/31/02171gc4w3.jpg',
 'mileage': '9.00万公里',
 'price': '10.30',
 'resisted_data': '2012年',
 'title': '奥迪A4L 2012款 2.0 TFSI(132kW) 标准型'}
2021-07-29 06:15:54 [taochePro.spiders.taoche] WARNING: {'city': '南京',
 'detail': {'display': '2.0L', 'transmission': '双离合'},
 'lazyimg': '//img5.taoche.cn/31/02171gc4w3.jpg',
 'mileage': '5.80万公里',
 'price': '19.80',
 'resisted_data': '2018年',
 'title': '奥迪A4L 2018款 30周年版 40 TFSI 进取版'}
2021-07-29 06:15:54 [taochePro.spiders.taoche] WARNING: {'city': '南京',
 'detail': {'display': '2.0L', 'transmission': 'CVT无级变速'},
 'lazyimg': '//img5.taoche.cn/31/02171gc4w3.jpg',
 'mileage': '9.90万公里',
 'price': '11.98',
 'resisted_data': '2013年',
 'title': '奥迪A4L 2013款 35 TFSI 自动 技术型'}
2021-07-29 06:15:54 [taochePro.spiders.taoche] WARNING: {'city': '南京',
 'detail': {'display': '2.0L', 'transmission': '双离合'},
 'lazyimg': '//img5.taoche.cn/31/02171gc4w3.jpg',
 'mileage': '5.00万公里',
 'price': '14.60',
 'resisted_data': '2014年',
 'title': '奥迪Q3 2015款 35 TFSI 舒适型'}
2021-07-29 06:15:54 [taochePro.spiders.taoche] WARNING: {'city': '南京',
 'detail': {'display': '3.0L', 'transmission': '双离合'},
 'lazyimg': '//img5.taoche.cn/31/02171gc4w3.jpg',
 'mileage': '12.00万公里',
 'price': '28.60',
 'resisted_data': '2016年',
 'title': '奥迪A6L 2017款 45 TFSI quattro 运动版'}
2021-07-29 06:15:54 [taochePro.spiders.taoche] WARNING: {'city': '南京',
 'detail': {'display': '2.0L', 'transmission': '双离合'},
 'lazyimg': '//img5.taoche.cn/31/02171gc4w3.jpg',
 'mileage': '15.00万公里',
 'price': '10.98',
 'resisted_data': '2010年',
 'title': '奥迪Q5 2010款 2.0 TFSI 进取型'}
2021-07-29 06:15:54 [taochePro.spiders.taoche] WARNING: {'city': '南京',
 'detail': {'display': '2.0L', 'transmission': 'CVT无级变速'},
 'lazyimg': '//img5.taoche.cn/31/02171gc4w3.jpg',
 'mileage': '5.37万公里',
 'price': '10.30',
 'resisted_data': '2012年',
 'title': '奥迪A4L 2012款 2.0 TFSI(132kW) 舒适型'}
2021-07-29 06:15:54 [taochePro.spiders.taoche] WARNING: {'city': '南京',
 'detail': {'display': '2.0L', 'transmission': '双离合'},
 'lazyimg': '//img5.taoche.cn/31/02171gc4w3.jpg',
 'mileage': '12.00万公里',
 'price': '10.80',
 'resisted_data': '2008年',
 'title': '奥迪TT 2007款 TT Coupe 2.0 TFSI S tronic'}
2021-07-29 06:15:54 [taochePro.spiders.taoche] WARNING: {'city': '南京',
 'detail': {'display': '2.0L', 'transmission': 'CVT无级变速'},
 'lazyimg': '//img5.taoche.cn/31/02171gc4w3.jpg',
 'mileage': '7.70万公里',
 'price': '11.80',
 'resisted_data': '2012年',
 'title': '奥迪A4L 2011款 2.0 TFSI(132kW) 标准型'}
2021-07-29 06:15:54 [taochePro.spiders.taoche] WARNING: {'city': '南京',
 'detail': {'display': '2.0L', 'transmission': 'CVT无级变速'},
 'lazyimg': '//img5.taoche.cn/31/02171gc4w3.jpg',
 'mileage': '10.00万公里',
 'price': '13.60',
 'resisted_data': '2014年',
 'title': '奥迪A4L 2013款 35 TFSI 自动 舒适型'}
2021-07-29 06:15:55 [taochePro.spiders.taoche] WARNING: {'city': '南京',
 'detail': {'display': '3.0L', 'transmission': '手自一体'},
 'lazyimg': '//img5.taoche.cn/31/02171gc4w3.jpg',
 'mileage': '7.64万公里',
 'price': '63.98',
 'resisted_data': '2019年',
 'title': '奥迪A8L 2018款 55 TFSI quattro 投放精英版'}
2021-07-29 06:15:55 [taochePro.spiders.taoche] WARNING: {'city': '南京',
 'detail': {'display': '2.0L', 'transmission': '双离合'},
 'lazyimg': '//img5.taoche.cn/31/02171gc4w3.jpg',
 'mileage': '1.00万公里',
 'price': '39.30',
 'resisted_data': '2020年',
 'title': '奥迪A6L 2020款 45 TFSI 臻选动感版'}
2021-07-29 06:15:55 [taochePro.spiders.taoche] WARNING: {'city': '南京',
 'detail': {'display': '1.4L', 'transmission': '双离合'},
 'lazyimg': '//img5.taoche.cn/31/02171gc4w3.jpg',
 'mileage': '1.67万公里',
 'price': '17.58',
 'resisted_data': '2020年',
 'title': '奥迪A3 2020款 Limousine 35 TFSI 风尚型'}
2021-07-29 06:15:55 [taochePro.spiders.taoche] WARNING: {'city': '南京',
 'detail': {'display': '2.0L', 'transmission': '双离合'},
 'lazyimg': '//img5.taoche.cn/31/02171gc4w3.jpg',
 'mileage': '1.58万公里',
 'price': '37.99',
 'resisted_data': '2019年',
 'title': '奥迪A6L 2019款 45 TFSI quattro 尊享动感版'}
2021-07-29 06:15:55 [taochePro.spiders.taoche] WARNING: {'city': '南京',
 'detail': {'display': '2.0L', 'transmission': '双离合'},
 'lazyimg': '//img5.taoche.cn/31/02171gc4w3.jpg',
 'mileage': '6.00万公里',
 'price': '26.60',
 'resisted_data': '2019年',
 'title': '奥迪A4L 2019款 45 TFSI quattro个性运动版 国V'}
2021-07-29 06:15:55 [taochePro.spiders.taoche] WARNING: {'city': '南京',
 'detail': {'display': '1.4L', 'transmission': '双离合'},
 'lazyimg': '//img5.taoche.cn/31/02171gc4w3.jpg',
 'mileage': '1.00万公里',
 'price': '18.28',
 'resisted_data': '2019年',
 'title': '奥迪Q2L 2018款 35 TFSI 时尚致雅版 国V'}
2021-07-29 06:15:55 [taochePro.spiders.taoche] WARNING: {'city': '南京',
 'detail': {'display': '1.4L', 'transmission': '双离合'},
 'lazyimg': '//img5.taoche.cn/31/02171gc4w3.jpg',
 'mileage': '6.70万公里',
 'price': '24.00',
 'resisted_data': '2018年',
 'title': '奥迪A4L 2018款 30周年版 30 TFSI 进取版'}
2021-07-29 06:15:55 [taochePro.spiders.taoche] WARNING: {'city': '南京',
 'detail': {'display': '1.4L', 'transmission': '双离合'},
 'lazyimg': '//img5.taoche.cn/31/02171gc4w3.jpg',
 'mileage': '1.30万公里',
 'price': '15.30',
 'resisted_data': '2020年',
 'title': '奥迪A3 2020款 Limousine 35 TFSI 进取型'}
2021-07-29 06:15:55 [taochePro.spiders.taoche] WARNING: {'city': '南京',
 'detail': {'display': '2.0L', 'transmission': '双离合'},
 'lazyimg': '//img5.taoche.cn/31/02171gc4w3.jpg',
 'mileage': '7.00万公里',
 'price': '19.80',
 'resisted_data': '2017年',
 'title': '奥迪A4L 2017款 40 TFSI 进取型'}
2021-07-29 06:15:55 [taochePro.spiders.taoche] WARNING: {'city': '南京',
 'detail': {'display': '2.0L', 'transmission': '双离合'},
 'lazyimg': '//img5.taoche.cn/31/02171gc4w3.jpg',
 'mileage': '3.00万公里',
 'price': '34.80',
 'resisted_data': '2019年',
 'title': '奥迪Q5L 2018款 45 TFSI 尊享风雅版 国V'}
2021-07-29 06:15:55 [taochePro.spiders.taoche] WARNING: {'city': '南京',
 'detail': {'display': '2.0L', 'transmission': 'CVT无级变速'},
 'lazyimg': '//img5.taoche.cn/31/02171gc4w3.jpg',
 'mileage': '5.00万公里',
 'price': '14.80',
 'resisted_data': '2014年',
 'title': '奥迪A4L 2015款 35 TFSI 自动 标准型'}
2021-07-29 06:15:55 [taochePro.spiders.taoche] WARNING: {'city': '南京',
 'detail': {'display': '1.4L', 'transmission': '双离合'},
 'lazyimg': '//img5.taoche.cn/31/02171gc4w3.jpg',
 'mileage': '1.30万公里',
 'price': '18.98',
 'resisted_data': '2019年',
 'title': '奥迪Q2L 2018款 35 TFSI 进取动感版 国V'}
2021-07-29 06:15:55 [taochePro.spiders.taoche] WARNING: {'city': '南京',
 'detail': {'display': '1.4L', 'transmission': '双离合'},
 'lazyimg': '//img5.taoche.cn/31/02171gc4w3.jpg',
 'mileage': '1.70万公里',
 'price': '19.68',
 'resisted_data': '2020年',
 'title': '奥迪Q2L 2020款 35 TFSI 时尚致雅型'}
2021-07-29 06:15:55 [taochePro.spiders.taoche] WARNING: {'city': '南京',
 'detail': {'display': '2.5L', 'transmission': 'CVT无级变速'},
 'lazyimg': '//img5.taoche.cn/31/02171gc4w3.jpg',
 'mileage': '8.90万公里',
 'price': '24.58',
 'resisted_data': '2015年',
 'title': '奥迪A6L 2015款 30 FSI 纪念舒享版'}
2021-07-29 06:15:55 [taochePro.spiders.taoche] WARNING: {'city': '南京',
 'detail': {'display': '2.0L', 'transmission': 'CVT无级变速'},
 'lazyimg': '//img5.taoche.cn/31/02171gc4w3.jpg',
 'mileage': '9.00万公里',
 'price': '18.88',
 'resisted_data': '2016年',
 'title': '奥迪A4L 2016款 35 TFSI 自动 舒适型 S line 典藏版'}
2021-07-29 06:15:55 [taochePro.spiders.taoche] WARNING: {'city': '南京',
 'detail': {'display': '1.8L', 'transmission': '双离合'},
 'lazyimg': '//img5.taoche.cn/31/02171gc4w3.jpg',
 'mileage': '7.00万公里',
 'price': '24.80',
 'resisted_data': '2016年',
 'title': '奥迪A6L 2016款 TFSI 技术型'}
2021-07-29 06:15:55 [taochePro.spiders.taoche] WARNING: {'city': '南京',
 'detail': {'display': '2.0L', 'transmission': '双离合'},
 'lazyimg': '//img5.taoche.cn/31/02171gc4w3.jpg',
 'mileage': '16.00万公里',
 'price': '10.80',
 'resisted_data': '2010年',
 'title': '奥迪Q5 2010款 2.0 TFSI 进取型'}
2021-07-29 06:15:55 [taochePro.spiders.taoche] WARNING: {'city': '南京',
 'detail': {'display': '2.0L', 'transmission': '手自一体'},
 'lazyimg': '//img5.taoche.cn/31/02171gc4w3.jpg',
 'mileage': '16.00万公里',
 'price': '39.00',
 'resisted_data': '2017年',
 'title': '奥迪Q7 2016款 40 TFSI 舒适版'}
2021-07-29 06:15:55 [taochePro.spiders.taoche] WARNING: {'city': '南京',
 'detail': {'display': '1.4L', 'transmission': '双离合'},
 'lazyimg': '//img5.taoche.cn/31/02171gc4w3.jpg',
 'mileage': '10.00万公里',
 'price': '9.98',
 'resisted_data': '2014年',
 'title': '奥迪A3 2014款 Sportback 35TFSI 进取型'}
2021-07-29 06:15:56 [taochePro.spiders.taoche] WARNING: {'city': '南京',
 'detail': {'display': '2.0L', 'transmission': 'CVT无级变速'},
 'lazyimg': '//img5.taoche.cn/31/02171gc4w3.jpg',
 'mileage': '8.00万公里',
 'price': '12.80',
 'resisted_data': '2013年',
 'title': '奥迪A4L 2013款 35 TFSI 自动 标准型'}
2021-07-29 06:15:56 [taochePro.spiders.taoche] WARNING: {'city': '南京',
 'detail': {'display': '4.0L', 'transmission': '双离合'},
 'lazyimg': '//img5.taoche.cn/31/02171gc4w3.jpg',
 'mileage': '9.20万公里',
 'price': '40.88',
 'resisted_data': '2013年',
 'title': '奥迪S6 2013款 4.0TFSI'}
2021-07-29 06:15:56 [taochePro.spiders.taoche] WARNING: {'city': '南京',
 'detail': {'display': '2.5L', 'transmission': 'CVT无级变速'},
 'lazyimg': '//img5.taoche.cn/31/02171gc4w3.jpg',
 'mileage': '8.00万公里',
 'price': '26.98',
 'resisted_data': '2016年',
 'title': '奥迪A6L 2016款 30 FSI 舒适型'}
2021-07-29 06:15:56 [taochePro.spiders.taoche] WARNING: {'city': '南京',
 'detail': {'display': '2.0L', 'transmission': 'CVT无级变速'},
 'lazyimg': '//img5.taoche.cn/31/02171gc4w3.jpg',
 'mileage': '9.40万公里',
 'price': '13.58',
 'resisted_data': '2013年',
 'title': '奥迪A4L 2013款 35 TFSI 自动 标准型'}
2021-07-29 06:15:56 [taochePro.spiders.taoche] WARNING: {'city': '南京',
 'detail': {'display': '1.4L', 'transmission': '双离合'},
 'lazyimg': '//img5.taoche.cn/31/02171gc4w3.jpg',
 'mileage': '10.00万公里',
 'price': '13.20',
 'resisted_data': '2014年',
 'title': '奥迪Q3 2015款 30 TFSI 舒适型'}
2021-07-29 06:15:56 [taochePro.spiders.taoche] WARNING: {'city': '南京',
 'detail': {'display': '2.0L', 'transmission': '手自一体'},
 'lazyimg': '//img5.taoche.cn/31/02171gc4w3.jpg',
 'mileage': '9.00万公里',
 'price': '16.98',
 'resisted_data': '2014年',
 'title': '奥迪Q5 2013款 40TFSI 进取型'}
2021-07-29 06:15:56 [taochePro.spiders.taoche] WARNING: {'city': '南京',
 'detail': {'display': '2.0L', 'transmission': 'CVT无级变速'},
 'lazyimg': '//img5.taoche.cn/31/02171gc4w3.jpg',
 'mileage': '11.00万公里',
 'price': '8.50',
 'resisted_data': '2010年',
 'title': '奥迪A4L 2011款 2.0 TFSI(132kW) 标准型'}
2021-07-29 06:15:56 [taochePro.spiders.taoche] WARNING: {'city': '南京',
 'detail': {'display': '2.0L', 'transmission': '手自一体'},
 'lazyimg': '//img5.taoche.cn/31/02171gc4w3.jpg',
 'mileage': '8.00万公里',
 'price': '16.68',
 'resisted_data': '2013年',
 'title': '奥迪Q5 2013款 40TFSI 舒适型'}
2021-07-29 06:15:56 [taochePro.spiders.taoche] WARNING: {'city': '南京',
 'detail': {'display': '2.0L', 'transmission': '手自一体'},
 'lazyimg': '//img5.taoche.cn/31/02171gc4w3.jpg',
 'mileage': '8.00万公里',
 'price': '16.58',
 'resisted_data': '2013年',
 'title': '奥迪Q5 2013款 40TFSI 舒适型'}
2021-07-29 06:15:56 [taochePro.spiders.taoche] WARNING: {'city': '南京',
 'detail': {'display': '1.4L', 'transmission': '双离合'},
 'lazyimg': '//img5.taoche.cn/31/02171gc4w3.jpg',
 'mileage': '10.00万公里',
 'price': '10.98',
 'resisted_data': '2015年',
 'title': '奥迪A3 2015款 Limousine 35 TFSI 纪念智领版'}
2021-07-29 06:15:56 [taochePro.spiders.taoche] WARNING: {'city': '南京',
 'detail': {'display': '3.0L', 'transmission': '手自一体'},
 'lazyimg': '//img5.taoche.cn/31/02171gc4w3.jpg',
 'mileage': '10.00万公里',
 'price': '47.80',
 'resisted_data': '2016年',
 'title': '奥迪Q7 2016款 45 TFSI 技术版'}
2021-07-29 06:15:56 [taochePro.spiders.taoche] WARNING: {'city': '南京',
 'detail': {'display': '1.4L', 'transmission': '双离合'},
 'lazyimg': '//img5.taoche.cn/31/02171gc4w3.jpg',
 'mileage': '1.35万公里',
 'price': '15.88',
 'resisted_data': '2020年',
 'title': '奥迪A3 2020款 Sportback 35 TFSI 进取型'}
2021-07-29 06:15:56 [taochePro.spiders.taoche] WARNING: {'city': '南京',
 'detail': {'display': '2.0L', 'transmission': 'CVT无级变速'},
 'lazyimg': '//img5.taoche.cn/31/02171gc4w3.jpg',
 'mileage': '9.00万公里',
 'price': '15.90',
 'resisted_data': '2015年',
 'title': '奥迪A4L 2015款 35 TFSI 自动 标准型'}
2021-07-29 06:15:56 [taochePro.spiders.taoche] WARNING: {'city': '南京',
 'detail': {'display': '0.0L', 'transmission': '自动'},
 'lazyimg': '//img5.taoche.cn/31/02171gc4w3.jpg',
 'mileage': '1.60万公里',
 'price': '40.38',
 'resisted_data': '2020年',
 'title': '奥迪e-tron(进口) 2020款 55 quattro 技术版'}
2021-07-29 06:15:56 [taochePro.spiders.taoche] WARNING: {'city': '南京',
 'detail': {'display': '2.0L', 'transmission': '双离合'},
 'lazyimg': '//img5.taoche.cn/31/02171gc4w3.jpg',
 'mileage': '2.50万公里',
 'price': '38.58',
 'resisted_data': '2019年',
 'title': '奥迪TT 2015款 Coupe 45 TFSI quattro'}
2021-07-29 06:15:56 [taochePro.spiders.taoche] WARNING: {'city': '南京',
 'detail': {'display': '2.0L', 'transmission': '湿式双离合'},
 'lazyimg': '//img5.taoche.cn/31/02171gc4w3.jpg',
 'mileage': '1.20万公里',
 'price': '26.68',
 'resisted_data': '2020年',
 'title': '奥迪A4L 2020款 40 TFSI 时尚致雅型'}
2021-07-29 06:15:56 [taochePro.spiders.taoche] WARNING: {'city': '南京',
 'detail': {'display': '2.0L', 'transmission': '双离合'},
 'lazyimg': '//img5.taoche.cn/31/02171gc4w3.jpg',
 'mileage': '5.30万公里',
 'price': '35.98',
 'resisted_data': '2019年',
 'title': '奥迪A6L 2019款 45 TFSI 臻选动感版'}
2021-07-29 06:15:56 [taochePro.spiders.taoche] WARNING: {'city': '南京',
 'detail': {'display': '2.0L', 'transmission': '双离合'},
 'lazyimg': '//img5.taoche.cn/31/02171gc4w3.jpg',
 'mileage': '0.68万公里',
 'price': '32.80',
 'resisted_data': '2020年',
 'title': '奥迪A4(进口) 2020款 Avant 先锋派 40TFSI 豪华动感型'}
2021-07-29 06:15:56 [taochePro.spiders.taoche] WARNING: {'city': '南京',
 'detail': {'display': '2.0L', 'transmission': '双离合'},
 'lazyimg': '//img5.taoche.cn/31/02171gc4w3.jpg',
 'mileage': '6.50万公里',
 'price': '31.68',
 'resisted_data': '2019年',
 'title': '奥迪Q5L 2018款 40 TFSI 荣享时尚版 国V'}
2021-07-29 06:15:57 [taochePro.spiders.taoche] WARNING: {'city': '南京',
 'detail': {'display': '2.0L', 'transmission': '湿式双离合'},
 'lazyimg': '//img5.taoche.cn/31/02171gc4w3.jpg',
 'mileage': '0.43万公里',
 'price': '42.50',
 'resisted_data': '2021年',
 'title': '奥迪A5 2021款 Sportback 45TFSI quattro 臻选动感型'}
2021-07-29 06:15:57 [taochePro.spiders.taoche] WARNING: {'city': '南京',
 'detail': {'display': '3.0L', 'transmission': '手自一体'},
 'lazyimg': '//img5.taoche.cn/31/02171gc4w3.jpg',
 'mileage': '9.00万公里',
 'price': '29.88',
 'resisted_data': '2014年',
 'title': '奥迪Q7 2015款 35 TFSI quattro 运动型'}
2021-07-29 06:15:57 [taochePro.spiders.taoche] WARNING: {'city': '南京',
 'detail': {'display': '2.0L', 'transmission': 'CVT无级变速'},
 'lazyimg': '//img5.taoche.cn/31/02171gc4w3.jpg',
 'mileage': '4.00万公里',
 'price': '25.80',
 'resisted_data': '2016年',
 'title': '奥迪A5 2016款 Sportback 45 TFSI'}
2021-07-29 06:15:57 [taochePro.spiders.taoche] WARNING: {'city': '南京',
 'detail': {'display': '1.4L', 'transmission': '双离合'},
 'lazyimg': '//img5.taoche.cn/31/02171gc4w3.jpg',
 'mileage': '3.00万公里',
 'price': '19.58',
 'resisted_data': '2019年',
 'title': '奥迪Q3 2018款 30周年纪念版 30 TFSI 时尚版'}
2021-07-29 06:15:57 [taochePro.spiders.taoche] WARNING: {'city': '南京',
 'detail': {'display': '3.0L', 'transmission': '手自一体'},
 'lazyimg': '//img5.taoche.cn/31/02171gc4w3.jpg',
 'mileage': '0.54万公里',
 'price': '69.90',
 'resisted_data': '2020年',
 'title': '奥迪Q7 2020款 55 TFSI quattro S line 运动型'}
2021-07-29 06:15:57 [taochePro.spiders.taoche] WARNING: {'city': '南京',
 'detail': {'display': '1.4L', 'transmission': '双离合'},
 'lazyimg': '//img5.taoche.cn/31/02171gc4w3.jpg',
 'mileage': '2.80万公里',
 'price': '15.88',
 'resisted_data': '2019年',
 'title': '奥迪A3 2019款 Sportback 35TFSI 时尚版 国V'}
2021-07-29 06:15:57 [taochePro.spiders.taoche] WARNING: {'city': '南京',
 'detail': {'display': '2.0L', 'transmission': '双离合'},
 'lazyimg': '//img5.taoche.cn/31/02171gc4w3.jpg',
 'mileage': '3.32万公里',
 'price': '34.00',
 'resisted_data': '2019年',
 'title': '奥迪Q5L 2018款 45 TFSI 尊享时尚版 国VI'}
2021-07-29 06:15:57 [taochePro.spiders.taoche] WARNING: {'city': '南京',
 'detail': {'display': '2.0L', 'transmission': '双离合'},
 'lazyimg': '//img5.taoche.cn/31/02171gc4w3.jpg',
 'mileage': '7.50万公里',
 'price': '26.80',
 'resisted_data': '2018年',
 'title': '奥迪A4L 2018款 30周年版 45 TFSI quattro个性运动版'}
2021-07-29 06:15:57 [taochePro.spiders.taoche] WARNING: {'city': '南京',
 'detail': {'display': '2.0L', 'transmission': '手自一体'},
 'lazyimg': '//img5.taoche.cn/31/02171gc4w3.jpg',
 'mileage': '6.60万公里',
 'price': '27.88',
 'resisted_data': '2017年',
 'title': '奥迪Q5 2017款 40TFSI 技术版'}
2021-07-29 06:15:57 [taochePro.spiders.taoche] WARNING: {'city': '南京',
 'detail': {'display': '2.0L', 'transmission': '湿式双离合'},
 'lazyimg': '//img5.taoche.cn/31/02171gc4w3.jpg',
 'mileage': '2.52万公里',
 'price': '40.50',
 'resisted_data': '2020年',
 'title': '奥迪A6L 插电混动 2020款 55 TFSIe quattro'}
2021-07-29 06:15:57 [taochePro.spiders.taoche] WARNING: {'city': '南京',
 'detail': {'display': '2.0L', 'transmission': '双离合'},
 'lazyimg': '//img5.taoche.cn/31/02171gc4w3.jpg',
 'mileage': '2.04万公里',
 'price': '36.88',
 'resisted_data': '2020年',
 'title': '奥迪A6L 2020款 45 TFSI 臻选动感版'}
2021-07-29 06:15:57 [taochePro.spiders.taoche] WARNING: {'city': '南京',
 'detail': {'display': '2.0L', 'transmission': 'CVT无级变速'},
 'lazyimg': '//img5.taoche.cn/31/02171gc4w3.jpg',
 'mileage': '10.00万公里',
 'price': '17.80',
 'resisted_data': '2013年',
 'title': '奥迪A5 2013款 Sportback 40TFSI'}
2021-07-29 06:15:57 [taochePro.spiders.taoche] WARNING: {'city': '南京',
 'detail': {'display': '2.0L', 'transmission': '双离合'},
 'lazyimg': '//img5.taoche.cn/31/02171gc4w3.jpg',
 'mileage': '5.69万公里',
 'price': '37.89',
 'resisted_data': '2019年',
 'title': '奥迪A6L 2019款 45 TFSI quattro 臻选致雅版'}
2021-07-29 06:15:57 [taochePro.spiders.taoche] WARNING: {'city': '南京',
 'detail': {'display': '2.0L', 'transmission': '双离合'},
 'lazyimg': '//img5.taoche.cn/31/02171gc4w3.jpg',
 'mileage': '6.80万公里',
 'price': '34.68',
 'resisted_data': '2019年',
 'title': '奥迪Q5L 2018款 45 TFSI 尊享豪华运动版 国V'}
2021-07-29 06:15:57 [taochePro.spiders.taoche] WARNING: {'city': '南京',
 'detail': {'display': '2.0L', 'transmission': '双离合'},
 'lazyimg': '//img5.taoche.cn/31/02171gc4w3.jpg',
 'mileage': '9.24万公里',
 'price': '13.58',
 'resisted_data': '2014年',
 'title': '奥迪Q3 2013款 35TFSI 进取型'}
2021-07-29 06:15:57 [taochePro.spiders.taoche] WARNING: {'city': '南京',
 'detail': {'display': '2.0L', 'transmission': '手自一体'},
 'lazyimg': '//img5.taoche.cn/31/02171gc4w3.jpg',
 'mileage': '6.40万公里',
 'price': '26.80',
 'resisted_data': '2018年',
 'title': '奥迪A6L 插电混动 2018款 40 e-tron'}
2021-07-29 06:15:57 [taochePro.spiders.taoche] WARNING: {'city': '南京',
 'detail': {'display': '2.0L', 'transmission': 'CVT无级变速'},
 'lazyimg': '//img5.taoche.cn/31/02171gc4w3.jpg',
 'mileage': '3.00万公里',
 'price': '17.58',
 'resisted_data': '2015年',
 'title': '奥迪A4L 2015款 35 TFSI 自动 标准型'}
2021-07-29 06:15:58 [taochePro.spiders.taoche] WARNING: {'city': '南京',
 'detail': {'display': '2.8L', 'transmission': 'CVT无级变速'},
 'lazyimg': '//img5.taoche.cn/31/02171gc4w3.jpg',
 'mileage': '15.00万公里',
 'price': '22.98',
 'resisted_data': '2014年',
 'title': '奥迪A6L 2014款 35 FSI 豪华型'}
2021-07-29 06:15:58 [taochePro.spiders.taoche] WARNING: {'city': '南京',
 'detail': {'display': '3.0L', 'transmission': '手自一体'},
 'lazyimg': '//img5.taoche.cn/31/02171gc4w3.jpg',
 'mileage': '0.80万公里',
 'price': '81.98',
 'resisted_data': '2020年',
 'title': '奥迪A8L 2019款 55 TFSI quattro 豪华型'}
2021-07-29 06:15:58 [taochePro.spiders.taoche] WARNING: {'city': '南京',
 'detail': {'display': '2.0L', 'transmission': '手自一体'},
 'lazyimg': '//img5.taoche.cn/31/02171gc4w3.jpg',
 'mileage': '3.30万公里',
 'price': '54.98',
 'resisted_data': '2019年',
 'title': '奥迪Q7 2019款 45 TFSI 舒适版'}
2021-07-29 06:15:58 [taochePro.spiders.taoche] WARNING: {'city': '南京',
 'detail': {'display': '2.0L', 'transmission': '双离合'},
 'lazyimg': '//img5.taoche.cn/31/02171gc4w3.jpg',
 'mileage': '6.30万公里',
 'price': '33.58',
 'resisted_data': '2019年',
 'title': '奥迪A6L 2019款 40 TFSI 豪华致雅版'}
2021-07-29 06:15:58 [taochePro.spiders.taoche] WARNING: {'city': '南京',
 'detail': {'display': '1.4L', 'transmission': '双离合'},
 'lazyimg': '//img5.taoche.cn/31/02171gc4w3.jpg',
 'mileage': '0.05万公里',
 'price': '17.98',
 'resisted_data': '2021年',
 'title': '奥迪A3 2020款 Limousine 35 TFSI 时尚型'}
2021-07-29 06:15:58 [taochePro.spiders.taoche] WARNING: {'city': '南京',
 'detail': {'display': '2.0L', 'transmission': '手自一体'},
 'lazyimg': '//img5.taoche.cn/31/02171gc4w3.jpg',
 'mileage': '8.00万公里',
 'price': '17.28',
 'resisted_data': '2014年',
 'title': '奥迪Q5 2013款 40TFSI 技术型'}
2021-07-29 06:15:58 [taochePro.spiders.taoche] WARNING: {'city': '南京',
 'detail': {'display': '2.0L', 'transmission': 'CVT无级变速'},
 'lazyimg': '//img5.taoche.cn/31/02171gc4w3.jpg',
 'mileage': '9.20万公里',
 'price': '20.58',
 'resisted_data': '2015年',
 'title': '奥迪A6L 2015款 TFSI 纪念智领版'}
2021-07-29 06:15:58 [taochePro.spiders.taoche] WARNING: {'city': '南京',
 'detail': {'display': '2.0L', 'transmission': '双离合'},
 'lazyimg': '//img5.taoche.cn/31/02171gc4w3.jpg',
 'mileage': '7.60万公里',
 'price': '13.80',
 'resisted_data': '2014年',
 'title': '奥迪Q3 2013款 35TFSI 进取型'}
2021-07-29 06:15:58 [taochePro.spiders.taoche] WARNING: {'city': '南京',
 'detail': {'display': '2.0L', 'transmission': '手自一体'},
 'lazyimg': '//img5.taoche.cn/31/02171gc4w3.jpg',
 'mileage': '18.00万公里',
 'price': '11.60',
 'resisted_data': '2011年',
 'title': '奥迪Q5 2011款 2.0 TFSI 技术型'}
2021-07-29 06:15:58 [taochePro.spiders.taoche] WARNING: {'city': '南京',
 'detail': {'display': '1.4L', 'transmission': '双离合'},
 'lazyimg': '//img5.taoche.cn/31/02171gc4w3.jpg',
 'mileage': '2.20万公里',
 'price': '17.30',
 'resisted_data': '2019年',
 'title': '奥迪A3 2019款 Limousine 35TFSI 时尚版 国VI'}
2021-07-29 06:15:58 [taochePro.spiders.taoche] WARNING: {'city': '南京',
 'detail': {'display': '2.0L', 'transmission': 'CVT无级变速'},
 'lazyimg': '//img5.taoche.cn/31/02171gc4w3.jpg',
 'mileage': '7.60万公里',
 'price': '13.98',
 'resisted_data': '2014年',
 'title': '奥迪A4L 2013款 35 TFSI 自动 舒适型'}
2021-07-29 06:15:58 [taochePro.spiders.taoche] WARNING: {'city': '南京',
 'detail': {'display': '2.5L', 'transmission': 'CVT无级变速'},
 'lazyimg': '//img5.taoche.cn/31/02171gc4w3.jpg',
 'mileage': '9.00万公里',
 'price': '26.80',
 'resisted_data': '2016年',
 'title': '奥迪A6L 2017款 30 FSI 技术版'}
2021-07-29 06:15:58 [taochePro.spiders.taoche] WARNING: {'city': '南京',
 'detail': {'display': '2.0L', 'transmission': '双离合'},
 'lazyimg': '//img5.taoche.cn/31/02171gc4w3.jpg',
 'mileage': '0.95万公里',
 'price': '30.80',
 'resisted_data': '2020年',
 'title': '奥迪A4(进口) 2020款 Avant 先锋派 40TFSI 时尚动感型'}
2021-07-29 06:15:58 [taochePro.spiders.taoche] WARNING: {'city': '南京',
 'detail': {'display': '1.4L', 'transmission': '双离合'},
 'lazyimg': '//img5.taoche.cn/31/02171gc4w3.jpg',
 'mileage': '8.00万公里',
 'price': '11.80',
 'resisted_data': '2015年',
 'title': '奥迪A3 2015款 Sportback 35 TFSI 纪念舒享版'}
2021-07-29 06:15:58 [taochePro.spiders.taoche] WARNING: {'city': '南京',
 'detail': {'display': '2.0L', 'transmission': '湿式双离合'},
 'lazyimg': '//img5.taoche.cn/31/02171gc4w3.jpg',
 'mileage': '0.37万公里',
 'price': '41.80',
 'resisted_data': '2021年',
 'title': '奥迪A5 2021款 Sportback 45TFSI quattro 臻选动感型'}
2021-07-29 06:15:58 [taochePro.spiders.taoche] WARNING: {'city': '南京',
 'detail': {'display': '2.0L', 'transmission': '双离合'},
 'lazyimg': '//img5.taoche.cn/31/02171gc4w3.jpg',
 'mileage': '3.90万公里',
 'price': '21.80',
 'resisted_data': '2018年',
 'title': '奥迪A4L 2018款 30周年版 40 TFSI 进取版'}
2021-07-29 06:15:58 [taochePro.spiders.taoche] WARNING: {'city': '南京',
 'detail': {'display': '2.0L', 'transmission': '双离合'},
 'lazyimg': '//img5.taoche.cn/31/02171gc4w3.jpg',
 'mileage': '5.00万公里',
 'price': '23.58',
 'resisted_data': '2018年',
 'title': '奥迪A4L 2018款 30周年版 40 TFSI 时尚版'}
2021-07-29 06:15:58 [taochePro.spiders.taoche] WARNING: {'city': '南京',
 'detail': {'display': '0.0L', 'transmission': '自动'},
 'lazyimg': '//img5.taoche.cn/31/02171gc4w3.jpg',
 'mileage': '1.68万公里',
 'price': '40.58',
 'resisted_data': '2020年',
 'title': '奥迪e-tron(进口) 2020款 55 quattro 技术版'}
2021-07-29 06:15:58 [taochePro.spiders.taoche] WARNING: {'city': '南京',
 'detail': {'display': '2.0L', 'transmission': '双离合'},
 'lazyimg': '//img5.taoche.cn/31/02171gc4w3.jpg',
 'mileage': '7.10万公里',
 'price': '20.50',
 'resisted_data': '2017年',
 'title': '奥迪A4L 2017款 40 TFSI 时尚型'}
2021-07-29 06:15:59 [taochePro.spiders.taoche] WARNING: {'city': '南京',
 'detail': {'display': '2.0L', 'transmission': '湿式双离合'},
 'lazyimg': '//img5.taoche.cn/31/02171gc4w3.jpg',
 'mileage': '1.00万公里',
 'price': '27.98',
 'resisted_data': '2020年',
 'title': '奥迪A4L 2020款 40 TFSI 豪华动感型'}
2021-07-29 06:15:59 [taochePro.spiders.taoche] WARNING: {'city': '南京',
 'detail': {'display': '2.0L', 'transmission': '湿式双离合'},
 'lazyimg': '//img5.taoche.cn/31/02171gc4w3.jpg',
 'mileage': '0.52万公里',
 'price': '26.88',
 'resisted_data': '2020年',
 'title': '奥迪A4L 2020款 40 TFSI 时尚动感型'}
2021-07-29 06:15:59 [taochePro.spiders.taoche] WARNING: {'city': '南京',
 'detail': {'display': '2.0L', 'transmission': '双离合'},
 'lazyimg': '//img5.taoche.cn/31/02171gc4w3.jpg',
 'mileage': '6.00万公里',
 'price': '26.80',
 'resisted_data': '2017年',
 'title': '奥迪S3 2017款 2.0T Limousine'}
2021-07-29 06:15:59 [taochePro.spiders.taoche] WARNING: {'city': '南京',
 'detail': {'display': '1.4L', 'transmission': '双离合'},
 'lazyimg': '//img5.taoche.cn/31/02171gc4w3.jpg',
 'mileage': '6.00万公里',
 'price': '13.38',
 'resisted_data': '2017年',
 'title': '奥迪A3 2017款 Limousine 35TFSI 时尚版'}
2021-07-29 06:15:59 [taochePro.spiders.taoche] WARNING: {'city': '南京',
 'detail': {'display': '3.0L', 'transmission': '手自一体'},
 'lazyimg': '//img5.taoche.cn/31/02171gc4w3.jpg',
 'mileage': '0.86万公里',
 'price': '70.58',
 'resisted_data': '2021年',
 'title': '奥迪A8L 2021款 50 TFSI quattro 舒适型'}
2021-07-29 06:15:59 [taochePro.spiders.taoche] WARNING: {'city': '南京',
 'detail': {'display': '1.4L', 'transmission': '双离合'},
 'lazyimg': '//img5.taoche.cn/31/02171gc4w3.jpg',
 'mileage': '0.86万公里',
 'price': '15.30',
 'resisted_data': '2020年',
 'title': '奥迪A3 2019款 Sportback 35TFSI 进取版 国VI'}
2021-07-29 06:15:59 [taochePro.spiders.taoche] WARNING: {'city': '南京',
 'detail': {'display': '1.8L', 'transmission': 'CVT无级变速'},
 'lazyimg': '//img5.taoche.cn/31/02171gc4w3.jpg',
 'mileage': '8.00万公里',
 'price': '12.98',
 'resisted_data': '2015年',
 'title': '奥迪A4L 2015款 30 TFSI 自动 舒适型'}
2021-07-29 06:15:59 [taochePro.spiders.taoche] WARNING: {'city': '南京',
 'detail': {'display': '3.0L', 'transmission': '手自一体'},
 'lazyimg': '//img5.taoche.cn/31/02171gc4w3.jpg',
 'mileage': '0.70万公里',
 'price': '73.60',
 'resisted_data': '2021年',
 'title': '奥迪A8L 2021款 50 TFSI quattro 舒适型'}
2021-07-29 06:15:59 [taochePro.spiders.taoche] WARNING: {'city': '南京',
 'detail': {'display': '2.0L', 'transmission': '手自一体'},
 'lazyimg': '//img5.taoche.cn/31/02171gc4w3.jpg',
 'mileage': '9.80万公里',
 'price': '18.40',
 'resisted_data': '2014年',
 'title': '奥迪Q5 2013款 40TFSI 技术型'}
2021-07-29 06:15:59 [taochePro.spiders.taoche] WARNING: {'city': '南京',
 'detail': {'display': '2.0L', 'transmission': 'CVT无级变速'},
 'lazyimg': '//img5.taoche.cn/31/02171gc4w3.jpg',
 'mileage': '13.00万公里',
 'price': '16.50',
 'resisted_data': '2012年',
 'title': '奥迪A6L 2012款 TFSI 标准型'}
2021-07-29 06:15:59 [taochePro.spiders.taoche] WARNING: {'city': '南京',
 'detail': {'display': '2.0L', 'transmission': 'CVT无级变速'},
 'lazyimg': '//img5.taoche.cn/31/02171gc4w3.jpg',
 'mileage': '5.70万公里',
 'price': '12.58',
 'resisted_data': '2013年',
 'title': '奥迪A4L 2013款 35 TFSI 自动 标准型'}
2021-07-29 06:15:59 [taochePro.spiders.taoche] WARNING: {'city': '南京',
 'detail': {'display': '2.0L', 'transmission': '手自一体'},
 'lazyimg': '//img5.taoche.cn/31/02171gc4w3.jpg',
 'mileage': '22.00万公里',
 'price': '12.30',
 'resisted_data': '2012年',
 'title': '奥迪Q5 2011款 2.0 TFSI 技术型'}
2021-07-29 06:15:59 [taochePro.spiders.taoche] WARNING: {'city': '南京',
 'detail': {'display': '3.0L', 'transmission': '双离合'},
 'lazyimg': '//img5.taoche.cn/31/02171gc4w3.jpg',
 'mileage': '3.00万公里',
 'price': '43.88',
 'resisted_data': '2016年',
 'title': '奥迪A7 2016款 50 TFSI quattro 舒适型'}
2021-07-29 06:15:59 [taochePro.spiders.taoche] WARNING: {'city': '南京',
 'detail': {'display': '2.0L', 'transmission': 'CVT无级变速'},
 'lazyimg': '//img5.taoche.cn/31/02171gc4w3.jpg',
 'mileage': '14.00万公里',
 'price': '9.00',
 'resisted_data': '2012年',
 'title': '奥迪A4L 2012款 2.0 TFSI(132kW) 标准型'}
2021-07-29 06:15:59 [taochePro.spiders.taoche] WARNING: {'city': '南京',
 'detail': {'display': '2.0L', 'transmission': 'CVT无级变速'},
 'lazyimg': '//img5.taoche.cn/31/02171gc4w3.jpg',
 'mileage': '7.00万公里',
 'price': '23.50',
 'resisted_data': '2015年',
 'title': '奥迪A6L 2014款 TFSI 舒适型'}
2021-07-29 06:15:59 [taochePro.spiders.taoche] WARNING: {'city': '南京',
 'detail': {'display': '1.4L', 'transmission': '双离合'},
 'lazyimg': '//img5.taoche.cn/31/02171gc4w3.jpg',
 'mileage': '0.60万公里',
 'price': '17.58',
 'resisted_data': '2019年',
 'title': '奥迪A3 2019款 Limousine 35TFSI 运动版 国V'}
2021-07-29 06:15:59 [taochePro.spiders.taoche] WARNING: {'city': '南京',
 'detail': {'display': '3.0L', 'transmission': '手自一体'},
 'lazyimg': '//img5.taoche.cn/31/02171gc4w3.jpg',
 'mileage': '14.00万公里',
 'price': '22.50',
 'resisted_data': '2012年',
 'title': '奥迪Q7 2013款 35 TFSI 舒适型'}
2021-07-29 06:16:00 [taochePro.spiders.taoche] WARNING: {'city': '南京',
 'detail': {'display': '2.0L', 'transmission': 'CVT无级变速'},
 'lazyimg': '//img5.taoche.cn/31/02171gc4w3.jpg',
 'mileage': '6.77万公里',
 'price': '21.80',
 'resisted_data': '2015年',
 'title': '奥迪A5 2014款 Sportback 45 TFSI风尚版'}
2021-07-29 06:16:00 [taochePro.spiders.taoche] WARNING: {'city': '南京',
 'detail': {'display': '1.4L', 'transmission': '双离合'},
 'lazyimg': '//img5.taoche.cn/31/02171gc4w3.jpg',
 'mileage': '0.75万公里',
 'price': '16.90',
 'resisted_data': '2020年',
 'title': '奥迪A3 2020款 Limousine 35 TFSI 时尚型'}
2021-07-29 06:16:00 [taochePro.spiders.taoche] WARNING: {'city': '南京',
 'detail': {'display': '2.0L', 'transmission': '湿式双离合'},
 'lazyimg': '//img5.taoche.cn/31/02171gc4w3.jpg',
 'mileage': '0.30万公里',
 'price': '28.80',
 'resisted_data': '2020年',
 'title': '奥迪Q3 Sportback 2020款 45TFSI quattro 豪华型'}
2021-07-29 06:16:00 [taochePro.spiders.taoche] WARNING: {'city': '南京',
 'detail': {'display': '2.5L', 'transmission': 'CVT无级变速'},
 'lazyimg': '//img5.taoche.cn/31/02171gc4w3.jpg',
 'mileage': '4.00万公里',
 'price': '28.88',
 'resisted_data': '2018年',
 'title': '奥迪A6L 2018款 30周年纪念版 30 FSI 风尚版'}
2021-07-29 06:16:00 [taochePro.spiders.taoche] WARNING: {'city': '南京',
 'detail': {'display': '1.4L', 'transmission': '双离合'},
 'lazyimg': '//img5.taoche.cn/31/02171gc4w3.jpg',
 'mileage': '5.00万公里',
 'price': '9.60',
 'resisted_data': '2015年',
 'title': '奥迪A1 2014款 30 TFSI 时尚型'}
2021-07-29 06:16:00 [taochePro.spiders.taoche] WARNING: {'city': '南京',
 'detail': {'display': '1.4L', 'transmission': '双离合'},
 'lazyimg': '//img5.taoche.cn/31/02171gc4w3.jpg',
 'mileage': '0.15万公里',
 'price': '17.80',
 'resisted_data': '2020年',
 'title': '奥迪A3 2020款 Limousine 35 TFSI 运动型'}
2021-07-29 06:16:00 [taochePro.spiders.taoche] WARNING: {'city': '南京',
 'detail': {'display': '0.0L', 'transmission': '单速变速箱'},
 'lazyimg': '//img5.taoche.cn/31/02171gc4w3.jpg',
 'mileage': '0.02万公里',
 'price': '14.58',
 'resisted_data': '2020年',
 'title': '奥迪Q2L 纯电动 2020款 纯电智享型'}
2021-07-29 06:16:00 [taochePro.spiders.taoche] WARNING: {'city': '南京',
 'detail': {'display': '0.1L', 'transmission': '单速变速箱'},
 'lazyimg': '//img5.taoche.cn/31/02171gc4w3.jpg',
 'mileage': '0.16万公里',
 'price': '15.50',
 'resisted_data': '2020年',
 'title': '奥迪Q2L 纯电动 2019款 奥迪Q2L e-tron 纯电智享型'}
2021-07-29 06:16:00 [taochePro.spiders.taoche] WARNING: {'city': '南京',
 'detail': {'display': '1.8L', 'transmission': '双离合'},
 'lazyimg': '//img5.taoche.cn/31/02171gc4w3.jpg',
 'mileage': '4.00万公里',
 'price': '28.88',
 'resisted_data': '2018年',
 'title': '奥迪A6L 2018款 30周年纪念版 TFSI 进取版'}
2021-07-29 06:16:00 [taochePro.spiders.taoche] WARNING: {'city': '南京',
 'detail': {'display': '1.4L', 'transmission': '双离合'},
 'lazyimg': '//img5.taoche.cn/31/02171gc4w3.jpg',
 'mileage': '7.00万公里',
 'price': '11.00',
 'resisted_data': '2015年',
 'title': '奥迪A3 2014款 Limousine 35TFSI 舒适型'}
2021-07-29 06:16:00 [taochePro.spiders.taoche] WARNING: {'city': '南京',
 'detail': {'display': '3.0L', 'transmission': '手自一体'},
 'lazyimg': '//img5.taoche.cn/31/02171gc4w3.jpg',
 'mileage': '百公里内',
 'price': '73.60',
 'resisted_data': '2021年',
 'title': '奥迪A8L 2021款 50 TFSI quattro 舒适型'}
2021-07-29 06:16:00 [taochePro.spiders.taoche] WARNING: {'city': '南京',
 'detail': {'display': '1.4L', 'transmission': '双离合'},
 'lazyimg': '//img5.taoche.cn/31/02171gc4w3.jpg',
 'mileage': '3.60万公里',
 'price': '17.80',
 'resisted_data': '2019年',
 'title': '奥迪Q2L 2018款 35 TFSI 时尚动感版 国VI'}
2021-07-29 06:16:01 [taochePro.spiders.taoche] WARNING: {'city': '南京',
 'detail': {'display': '2.0L', 'transmission': '双离合'},
 'lazyimg': '//img5.taoche.cn/31/02171gc4w3.jpg',
 'mileage': '2.00万公里',
 'price': '31.88',
 'resisted_data': '2018年',
 'title': '奥迪A5 2017款 Sportback 40 TFSI 时尚版'}
2021-07-29 06:16:01 [taochePro.spiders.taoche] WARNING: {'city': '南京',
 'detail': {'display': '1.8L', 'transmission': '双离合'},
 'lazyimg': '//img5.taoche.cn/31/02171gc4w3.jpg',
 'mileage': '4.00万公里',
 'price': '28.50',
 'resisted_data': '2019年',
 'title': '奥迪A6L 2018款 TFSI 典藏版'}
2021-07-29 06:16:01 [taochePro.spiders.taoche] WARNING: {'city': '南京',
 'detail': {'display': '2.0L', 'transmission': '双离合'},
 'lazyimg': '//img5.taoche.cn/31/02171gc4w3.jpg',
 'mileage': '2.40万公里',
 'price': '26.50',
 'resisted_data': '2018年',
 'title': '奥迪A3(进口) 2017款 Cabriolet'}
2021-07-29 06:16:01 [taochePro.spiders.taoche] WARNING: {'city': '南京',
 'detail': {'display': '2.0L', 'transmission': '双离合'},
 'lazyimg': '//img5.taoche.cn/31/02171gc4w3.jpg',
 'mileage': '1.56万公里',
 'price': '20.98',
 'resisted_data': '2019年',
 'title': '奥迪Q3 2018款 35 TFSI 时尚典藏版'}
2021-07-29 06:16:01 [taochePro.spiders.taoche] WARNING: {'city': '南京',
 'detail': {'display': '2.0L', 'transmission': '双离合'},
 'lazyimg': '//img5.taoche.cn/31/02171gc4w3.jpg',
 'mileage': '3.00万公里',
 'price': '35.80',
 'resisted_data': '2019年',
 'title': '奥迪Q5L 2018款 45 TFSI 尊享豪华运动版 国V'}
2021-07-29 06:16:01 [taochePro.spiders.taoche] WARNING: {'city': '南京',
 'detail': {'display': '2.0L', 'transmission': '双离合'},
 'lazyimg': '//img5.taoche.cn/31/02171gc4w3.jpg',
 'mileage': '3.50万公里',
 'price': '35.80',
 'resisted_data': '2020年',
 'title': '奥迪A6L 2019款 40 TFSI 豪华致雅版'}
2021-07-29 06:16:01 [taochePro.spiders.taoche] WARNING: {'city': '南京',
 'detail': {'display': '0.0L', 'transmission': '自动'},
 'lazyimg': '//img5.taoche.cn/31/02171gc4w3.jpg',
 'mileage': '1.66万公里',
 'price': '44.28',
 'resisted_data': '2020年',
 'title': '奥迪e-tron(进口) 2020款 55 quattro 全球限量版'}
2021-07-29 06:16:01 [taochePro.spiders.taoche] WARNING: {'city': '南京',
 'detail': {'display': '2.0L', 'transmission': '湿式双离合'},
 'lazyimg': '//img5.taoche.cn/31/02171gc4w3.jpg',
 'mileage': '2.00万公里',
 'price': '34.58',
 'resisted_data': '2020年',
 'title': '奥迪Q5L 2020款 45 TFSI 尊享时尚型'}
2021-07-29 06:16:01 [taochePro.spiders.taoche] WARNING: {'city': '南京',
 'detail': {'display': '2.8L', 'transmission': '双离合'},
 'lazyimg': '//img5.taoche.cn/31/02171gc4w3.jpg',
 'mileage': '6.00万公里',
 'price': '25.50',
 'resisted_data': '2012年',
 'title': '奥迪A7 2011款 2.8 自动 进取型'}
2021-07-29 06:16:02 [taochePro.spiders.taoche] WARNING: {'city': '南京',
 'detail': {'display': '0.0L', 'transmission': '单速变速箱'},
 'lazyimg': '//img5.taoche.cn/31/02171gc4w3.jpg',
 'mileage': '0.02万公里',
 'price': '13.38',
 'resisted_data': '2020年',
 'title': '奥迪Q2L 纯电动 2020款 纯电智酷型'}
2021-07-29 06:16:02 [taochePro.spiders.taoche] WARNING: {'city': '南京',
 'detail': {'display': '1.4L', 'transmission': '双离合'},
 'lazyimg': '//img5.taoche.cn/31/02171gc4w3.jpg',
 'mileage': '1.60万公里',
 'price': '15.98',
 'resisted_data': '2020年',
 'title': '奥迪A3 2020款 Limousine 35 TFSI 进取型'}
2021-07-29 06:16:02 [taochePro.spiders.taoche] WARNING: {'city': '南京',
 'detail': {'display': '0.0L', 'transmission': '自动'},
 'lazyimg': '//img5.taoche.cn/31/02171gc4w3.jpg',
 'mileage': '0.73万公里',
 'price': '40.88',
 'resisted_data': '2020年',
 'title': '奥迪e-tron(进口) 2020款 55 quattro 技术版'}
2021-07-29 06:16:02 [taochePro.spiders.taoche] WARNING: {'city': '南京',
 'detail': {'display': '2.0L', 'transmission': '湿式双离合'},
 'lazyimg': '//img5.taoche.cn/31/02171gc4w3.jpg',
 'mileage': '1.03万公里',
 'price': '25.80',
 'resisted_data': '2020年',
 'title': '奥迪A4L 2020款 35 TFSI 时尚动感型'}
2021-07-29 06:16:02 [taochePro.spiders.taoche] WARNING: {'city': '南京',
 'detail': {'display': '2.0L', 'transmission': '双离合'},
 'lazyimg': '//img5.taoche.cn/31/02171gc4w3.jpg',
 'mileage': '1.60万公里',
 'price': '40.88',
 'resisted_data': '2019年',
 'title': '奥迪A5 2017款 Cabriolet 40 TFSI 时尚版'}
2021-07-29 06:16:02 [taochePro.spiders.taoche] WARNING: {'city': '南京',
 'detail': {'display': '2.0L', 'transmission': '手自一体'},
 'lazyimg': '//img5.taoche.cn/31/02171gc4w3.jpg',
 'mileage': '11.00万公里',
 'price': '18.80',
 'resisted_data': '2015年',
 'title': '奥迪Q5 2015款 40TFSI 技术型'}
2021-07-29 06:16:02 [taochePro.spiders.taoche] WARNING: {'city': '南京',
 'detail': {'display': '2.0L', 'transmission': 'CVT无级变速'},
 'lazyimg': '//img5.taoche.cn/31/02171gc4w3.jpg',
 'mileage': '11.80万公里',
 'price': '19.80',
 'resisted_data': '2014年',
 'title': '奥迪A6L 2014款 TFSI 标准型'}
2021-07-29 06:16:02 [taochePro.spiders.taoche] WARNING: {'city': '南京',
 'detail': {'display': '3.0L', 'transmission': '手自一体'},
 'lazyimg': '//img5.taoche.cn/31/02171gc4w3.jpg',
 'mileage': '1.00万公里',
 'price': '74.80',
 'resisted_data': '2020年',
 'title': '奥迪A8L 2019款 50 TFSI quattro 豪华型'}
2021-07-29 06:16:02 [taochePro.spiders.taoche] WARNING: {'city': '南京',
 'detail': {'display': '3.0L', 'transmission': '双离合'},
 'lazyimg': '//img5.taoche.cn/31/02171gc4w3.jpg',
 'mileage': '9.80万公里',
 'price': '33.88',
 'resisted_data': '2014年',
 'title': '奥迪A7 2014款 50 TFSI quattro 舒适型'}
2021-07-29 06:16:02 [taochePro.spiders.taoche] WARNING: {'city': '南京',
 'detail': {'display': '3.0L', 'transmission': '手自一体'},
 'lazyimg': '//img5.taoche.cn/31/02171gc4w3.jpg',
 'mileage': '百公里内',
 'price': '83.90',
 'resisted_data': '2020年',
 'title': '奥迪Q8 2019款 55 TFSI quattro 臻选动感型'}
2021-07-29 06:16:02 [taochePro.spiders.taoche] WARNING: {'city': '南京',
 'detail': {'display': '2.0L', 'transmission': '双离合'},
 'lazyimg': '//img5.taoche.cn/31/02171gc4w3.jpg',
 'mileage': '0.80万公里',
 'price': '22.80',
 'resisted_data': '2019年',
 'title': '奥迪Q3 2019款 40 TFSI 时尚动感版'}
2021-07-29 06:16:02 [taochePro.spiders.taoche] WARNING: {'city': '南京',
 'detail': {'display': '3.0L', 'transmission': '手自一体'},
 'lazyimg': '//img5.taoche.cn/31/02171gc4w3.jpg',
 'mileage': '18.00万公里',
 'price': '24.88',
 'resisted_data': '2012年',
 'title': '奥迪A8L 2012款 45 TFSI quattro 舒适型'}
2021-07-29 06:16:02 [taochePro.spiders.taoche] WARNING: {'city': '南京',
 'detail': {'display': '2.4L', 'transmission': 'CVT无级变速'},
 'lazyimg': '//img5.taoche.cn/31/02171gc4w3.jpg',
 'mileage': '15.00万公里',
 'price': '5.80',
 'resisted_data': '2008年',
 'title': '奥迪A6L 2008款 2.4 技术型'}
2021-07-29 06:16:02 [taochePro.spiders.taoche] WARNING: {'city': '南京',
 'detail': {'display': '3.0L', 'transmission': '手自一体'},
 'lazyimg': '//img5.taoche.cn/31/02171gc4w3.jpg',
 'mileage': '12.00万公里',
 'price': '16.90',
 'resisted_data': '2011年',
 'title': '奥迪Q7 2011款 3.0 TFSI quattro(200kW) 专享型'}
2021-07-29 06:16:02 [taochePro.spiders.taoche] WARNING: {'city': '南京',
 'detail': {'display': '1.4L', 'transmission': '双离合'},
 'lazyimg': '//img5.taoche.cn/31/02171gc4w3.jpg',
 'mileage': '0.33万公里',
 'price': '16.98',
 'resisted_data': '2019年',
 'title': '奥迪A3 2019款 Limousine 35TFSI 时尚版 国V'}
2021-07-29 06:16:02 [taochePro.spiders.taoche] WARNING: {'city': '南京',
 'detail': {'display': '2.0L', 'transmission': '双离合'},
 'lazyimg': '//img5.taoche.cn/31/02171gc4w3.jpg',
 'mileage': '2.80万公里',
 'price': '25.68',
 'resisted_data': '2019年',
 'title': '奥迪A4L 2019款 40 TFSI 时尚版 国VI'}
2021-07-29 06:16:02 [taochePro.spiders.taoche] WARNING: {'city': '南京',
 'detail': {'display': '2.0L', 'transmission': '双离合'},
 'lazyimg': '//img5.taoche.cn/31/02171gc4w3.jpg',
 'mileage': '5.00万公里',
 'price': '22.88',
 'resisted_data': '2015年',
 'title': '奥迪A4(进口) 2014款 40TFSI allroad quattro plus'}
2021-07-29 06:16:02 [taochePro.spiders.taoche] WARNING: {'city': '南京',
 'detail': {'display': '2.0L', 'transmission': '双离合'},
 'lazyimg': '//img5.taoche.cn/31/02171gc4w3.jpg',
 'mileage': '2.40万公里',
 'price': '35.50',
 'resisted_data': '2020年',
 'title': '奥迪Q5L 2020款 40 TFSI 荣享时尚型'}
2021-07-29 06:16:02 [taochePro.spiders.taoche] WARNING: {'city': '南京',
 'detail': {'display': '2.0L', 'transmission': '双离合'},
 'lazyimg': '//img5.taoche.cn/31/02171gc4w3.jpg',
 'mileage': '8.66万公里',
 'price': '13.88',
 'resisted_data': '2014年',
 'title': '奥迪Q3 2015款 35 TFSI 舒适型'}
2021-07-29 06:16:02 [taochePro.spiders.taoche] WARNING: {'city': '南京',
 'detail': {'display': '2.0L', 'transmission': '湿式双离合'},
 'lazyimg': '//img5.taoche.cn/31/02171gc4w3.jpg',
 'mileage': '0.33万公里',
 'price': '38.80',
 'resisted_data': '2020年',
 'title': '奥迪Q5L 2020款 45 TFSI 尊享风雅型'}
2021-07-29 06:16:02 [taochePro.spiders.taoche] WARNING: {'city': '南京',
 'detail': {'display': '2.0L', 'transmission': '手自一体'},
 'lazyimg': '//img5.taoche.cn/31/02171gc4w3.jpg',
 'mileage': '百公里内',
 'price': '66.98',
 'resisted_data': '2020年',
 'title': '奥迪Q8 2019款 45 TFSI quattro 豪华致雅型'}
2021-07-29 06:16:03 [taochePro.spiders.taoche] WARNING: {'city': '南京',
 'detail': {'display': '4.0L', 'transmission': '手自一体'},
 'lazyimg': '//img5.taoche.cn/31/02171gc4w3.jpg',
 'mileage': '6.50万公里',
 'price': '78.80',
 'resisted_data': '2014年',
 'title': '奥迪RS 7 2014款 4.0T 8速手自一体'}
2021-07-29 06:16:03 [taochePro.spiders.taoche] WARNING: {'city': '南京',
 'detail': {'display': '3.0L', 'transmission': '手自一体'},
 'lazyimg': '//img5.taoche.cn/31/02171gc4w3.jpg',
 'mileage': '17.10万公里',
 'price': '28.98',
 'resisted_data': '2014年',
 'title': '奥迪Q7 2014款 35 TFSI quattro 进取型'}
2021-07-29 06:16:03 [taochePro.spiders.taoche] WARNING: {'city': '南京',
 'detail': {'display': '3.0L', 'transmission': '手自一体'},
 'lazyimg': '//img5.taoche.cn/31/02171gc4w3.jpg',
 'mileage': '0.30万公里',
 'price': '70.58',
 'resisted_data': '2000年',
 'title': '奥迪Q7 2020款 55 TFSI quattro S line 运动型'}
2021-07-29 06:16:03 [taochePro.spiders.taoche] WARNING: {'city': '南京',
 'detail': {'display': '2.0L', 'transmission': 'CVT无级变速'},
 'lazyimg': '//img5.taoche.cn/31/02171gc4w3.jpg',
 'mileage': '12.00万公里',
 'price': '15.80',
 'resisted_data': '2012年',
 'title': '奥迪A5 2012款 Sportback 2.0T CVT'}
2021-07-29 06:16:03 [taochePro.spiders.taoche] WARNING: {'city': '南京',
 'detail': {'display': '2.0L', 'transmission': 'CVT无级变速'},
 'lazyimg': '//img5.taoche.cn/31/02171gc4w3.jpg',
 'mileage': '10.00万公里',
 'price': '9.58',
 'resisted_data': '2011年',
 'title': '奥迪A4L 2012款 2.0 TFSI(132kW) 舒适型'}
2021-07-29 06:16:03 [taochePro.spiders.taoche] WARNING: {'city': '南京',
 'detail': {'display': '2.4L', 'transmission': 'CVT无级变速'},
 'lazyimg': '//img5.taoche.cn/31/02171gc4w3.jpg',
 'mileage': '15.00万公里',
 'price': '6.58',
 'resisted_data': '2008年',
 'title': '奥迪A6L 2008款 2.4舒适型'}
2021-07-29 06:16:03 [taochePro.spiders.taoche] WARNING: {'city': '南京',
 'detail': {'display': '2.5L', 'transmission': 'CVT无级变速'},
 'lazyimg': '//img5.taoche.cn/31/02171gc4w3.jpg',
 'mileage': '10.82万公里',
 'price': '20.98',
 'resisted_data': '2014年',
 'title': '奥迪A6L 2014款 30 FSI 舒适型'}
2021-07-29 06:17:09 [taochePro.spiders.taoche] WARNING: {'city': '南京',
 'detail': {'display': '1.4L', 'transmission': '双离合'},
 'lazyimg': '//img5.taoche.cn/31/02171gc4w3.jpg',
 'mileage': '3.00万公里',
 'price': '16.50',
 'resisted_data': '2019年',
 'title': '奥迪Q2L 2018款 35 TFSI 上市专享版 国V'}
2021-07-29 06:17:09 [taochePro.spiders.taoche] WARNING: {'city': '南京',
 'detail': {'display': '2.0L', 'transmission': '双离合'},
 'lazyimg': '//img5.taoche.cn/31/02171gc4w3.jpg',
 'mileage': '5.00万公里',
 'price': '18.50',
 'resisted_data': '2019年',
 'title': '奥迪Q3 2018款 30周年纪念版 35 TFSI 时尚版'}
2021-07-29 06:17:10 [taochePro.spiders.taoche] WARNING: {'city': '南京',
 'detail': {'display': '1.8L', 'transmission': '双离合'},
 'lazyimg': '//img5.taoche.cn/31/02171gc4w3.jpg',
 'mileage': '9.30万公里',
 'price': '23.58',
 'resisted_data': '2016年',
 'title': '奥迪A6L 2017款 TFSI 技术版'}
2021-07-29 06:17:10 [taochePro.spiders.taoche] WARNING: {'city': '南京',
 'detail': {'display': '1.4L', 'transmission': '双离合'},
 'lazyimg': '//img5.taoche.cn/31/02171gc4w3.jpg',
 'mileage': '7.80万公里',
 'price': '16.00',
 'resisted_data': '2017年',
 'title': '奥迪Q3 2017款 30 TFSI 风尚版'}
2021-07-29 06:17:10 [taochePro.spiders.taoche] WARNING: {'city': '南京',
 'detail': {'display': '2.0L', 'transmission': '双离合'},
 'lazyimg': '//img5.taoche.cn/31/02171gc4w3.jpg',
 'mileage': '4.00万公里',
 'price': '28.80',
 'resisted_data': '2020年',
 'title': '奥迪A4(进口) 2020款 Avant 先锋派 40TFSI 时尚动感型'}
2021-07-29 06:17:10 [taochePro.spiders.taoche] WARNING: {'city': '南京',
 'detail': {'display': '2.0L', 'transmission': '双离合'},
 'lazyimg': '//img5.taoche.cn/31/02171gc4w3.jpg',
 'mileage': '2.00万公里',
 'price': '25.80',
 'resisted_data': '2019年',
 'title': '奥迪A4L 2019款 40 TFSI 时尚版 国VI'}
2021-07-29 06:17:10 [taochePro.spiders.taoche] WARNING: {'city': '南京',
 'detail': {'display': '2.0L', 'transmission': '双离合'},
 'lazyimg': '//img5.taoche.cn/31/02171gc4w3.jpg',
 'mileage': '2.40万公里',
 'price': '35.50',
 'resisted_data': '2020年',
 'title': '奥迪Q5L 2020款 40 TFSI 荣享时尚型'}
2021-07-29 06:17:10 [taochePro.spiders.taoche] WARNING: {'city': '南京',
 'detail': {'display': '2.0L', 'transmission': '双离合'},
 'lazyimg': '//img5.taoche.cn/31/02171gc4w3.jpg',
 'mileage': '1.50万公里',
 'price': '37.80',
 'resisted_data': '2020年',
 'title': '奥迪A6L 2020款 45 TFSI quattro 臻选致雅版'}
2021-07-29 06:17:10 [taochePro.spiders.taoche] WARNING: {'city': '南京',
 'detail': {'display': '1.4L', 'transmission': '双离合'},
 'lazyimg': '//img5.taoche.cn/31/02171gc4w3.jpg',
 'mileage': '2.50万公里',
 'price': '14.50',
 'resisted_data': '2018年',
 'title': '奥迪A3 2018款 30周年纪念版 Limousine 35TFSI 时尚版'}
2021-07-29 06:17:10 [taochePro.spiders.taoche] WARNING: {'city': '南京',
 'detail': {'display': '3.0L', 'transmission': '手自一体'},
 'lazyimg': '//img5.taoche.cn/31/02171gc4w3.jpg',
 'mileage': '0.89万公里',
 'price': '73.88',
 'resisted_data': '2020年',
 'title': '奥迪A8L 2021款 50 TFSI quattro 豪华型'}
2021-07-29 06:17:10 [taochePro.spiders.taoche] WARNING: {'city': '南京',
 'detail': {'display': '2.0L', 'transmission': '双离合'},
 'lazyimg': '//img5.taoche.cn/31/02171gc4w3.jpg',
 'mileage': '3.00万公里',
 'price': '21.98',
 'resisted_data': '2018年',
 'title': '奥迪A4L 2018款 30周年版 40 TFSI 进取版'}
2021-07-29 06:17:10 [taochePro.spiders.taoche] WARNING: {'city': '南京',
 'detail': {'display': '1.4L', 'transmission': '双离合'},
 'lazyimg': '//img5.taoche.cn/31/02171gc4w3.jpg',
 'mileage': '4.20万公里',
 'price': '13.30',
 'resisted_data': '2016年',
 'title': '奥迪A3 2016款 Sportback 35TFSI 领英型'}
2021-07-29 06:17:10 [taochePro.spiders.taoche] WARNING: {'city': '南京',
 'detail': {'display': '0.0L', 'transmission': '单速变速箱'},
 'lazyimg': '//img5.taoche.cn/31/02171gc4w3.jpg',
 'mileage': '0.04万公里',
 'price': '14.80',
 'resisted_data': '2021年',
 'title': '奥迪Q2L 纯电动 2020款 纯电智享型'}
2021-07-29 06:17:10 [taochePro.spiders.taoche] WARNING: {'city': '南京',
 'detail': {'display': '1.4L', 'transmission': '双离合'},
 'lazyimg': '//img5.taoche.cn/31/02171gc4w3.jpg',
 'mileage': '1.00万公里',
 'price': '15.80',
 'resisted_data': '2019年',
 'title': '奥迪A3 2019款 Sportback 35TFSI 时尚版 国VI'}
2021-07-29 06:17:10 [taochePro.spiders.taoche] WARNING: {'city': '南京',
 'detail': {'display': '1.4L', 'transmission': '双离合'},
 'lazyimg': '//img5.taoche.cn/31/02171gc4w3.jpg',
 'mileage': '0.05万公里',
 'price': '17.98',
 'resisted_data': '2021年',
 'title': '奥迪A3 2020款 Limousine 35 TFSI 时尚型'}
2021-07-29 06:17:10 [taochePro.spiders.taoche] WARNING: {'city': '南京',
 'detail': {'display': '1.4L', 'transmission': '双离合'},
 'lazyimg': '//img5.taoche.cn/31/02171gc4w3.jpg',
 'mileage': '1.40万公里',
 'price': '17.58',
 'resisted_data': '2020年',
 'title': '奥迪A3 2020款 Limousine 35 TFSI 时尚型'}
2021-07-29 06:17:10 [taochePro.spiders.taoche] WARNING: {'city': '南京',
 'detail': {'display': '1.4L', 'transmission': '双离合'},
 'lazyimg': '//img5.taoche.cn/31/02171gc4w3.jpg',
 'mileage': '0.86万公里',
 'price': '15.30',
 'resisted_data': '2020年',
 'title': '奥迪A3 2019款 Sportback 35TFSI 进取版 国VI'}
2021-07-29 06:17:10 [taochePro.spiders.taoche] WARNING: {'city': '南京',
 'detail': {'display': '3.0L', 'transmission': '手自一体'},
 'lazyimg': '//img5.taoche.cn/31/02171gc4w3.jpg',
 'mileage': '0.86万公里',
 'price': '70.58',
 'resisted_data': '2021年',
 'title': '奥迪A8L 2021款 50 TFSI quattro 舒适型'}
2021-07-29 06:17:10 [taochePro.spiders.taoche] WARNING: {'city': '南京',
 'detail': {'display': '1.4L', 'transmission': '双离合'},
 'lazyimg': '//img5.taoche.cn/31/02171gc4w3.jpg',
 'mileage': '6.00万公里',
 'price': '13.38',
 'resisted_data': '2017年',
 'title': '奥迪A3 2017款 Limousine 35TFSI 时尚版'}
2021-07-29 06:17:10 [taochePro.spiders.taoche] WARNING: {'city': '南京',
 'detail': {'display': '3.0L', 'transmission': '手自一体'},
 'lazyimg': '//img5.taoche.cn/31/02171gc4w3.jpg',
 'mileage': '0.70万公里',
 'price': '73.60',
 'resisted_data': '2021年',
 'title': '奥迪A8L 2021款 50 TFSI quattro 舒适型'}
2021-07-29 06:17:10 [taochePro.spiders.taoche] WARNING: {'city': '南京',
 'detail': {'display': '1.8L', 'transmission': 'CVT无级变速'},
 'lazyimg': '//img5.taoche.cn/31/02171gc4w3.jpg',
 'mileage': '8.00万公里',
 'price': '12.98',
 'resisted_data': '2015年',
 'title': '奥迪A4L 2015款 30 TFSI 自动 舒适型'}
2021-07-29 06:17:10 [taochePro.spiders.taoche] WARNING: {'city': '南京',
 'detail': {'display': '2.0L', 'transmission': '湿式双离合'},
 'lazyimg': '//img5.taoche.cn/31/02171gc4w3.jpg',
 'mileage': '0.02万公里',
 'price': '29.68',
 'resisted_data': '2000年',
 'title': '奥迪Q3 Sportback 2020款 45TFSI quattro 时尚型'}
2021-07-29 06:17:10 [taochePro.spiders.taoche] WARNING: {'city': '南京',
 'detail': {'display': '1.4L', 'transmission': '双离合'},
 'lazyimg': '//img5.taoche.cn/31/02171gc4w3.jpg',
 'mileage': '0.60万公里',
 'price': '17.58',
 'resisted_data': '2019年',
 'title': '奥迪A3 2019款 Limousine 35TFSI 运动版 国V'}
2021-07-29 06:17:10 [taochePro.spiders.taoche] WARNING: {'city': '南京',
 'detail': {'display': '2.0L', 'transmission': '手自一体'},
 'lazyimg': '//img5.taoche.cn/31/02171gc4w3.jpg',
 'mileage': '9.80万公里',
 'price': '18.40',
 'resisted_data': '2014年',
 'title': '奥迪Q5 2013款 40TFSI 技术型'}
2021-07-29 06:17:10 [taochePro.spiders.taoche] WARNING: {'city': '南京',
 'detail': {'display': '1.8L', 'transmission': '双离合'},
 'lazyimg': '//img5.taoche.cn/31/02171gc4w3.jpg',
 'mileage': '4.00万公里',
 'price': '28.88',
 'resisted_data': '2018年',
 'title': '奥迪A6L 2018款 30周年纪念版 TFSI 进取版'}
2021-07-29 06:17:10 [taochePro.spiders.taoche] WARNING: {'city': '南京',
 'detail': {'display': '2.0L', 'transmission': '双离合'},
 'lazyimg': '//img5.taoche.cn/31/02171gc4w3.jpg',
 'mileage': '1.56万公里',
 'price': '20.98',
 'resisted_data': '2019年',
 'title': '奥迪Q3 2018款 35 TFSI 时尚典藏版'}
2021-07-29 06:17:10 [taochePro.spiders.taoche] WARNING: {'city': '南京',
 'detail': {'display': '1.4L', 'transmission': '双离合'},
 'lazyimg': '//img5.taoche.cn/31/02171gc4w3.jpg',
 'mileage': '3.60万公里',
 'price': '17.80',
 'resisted_data': '2019年',
 'title': '奥迪Q2L 2018款 35 TFSI 时尚动感版 国VI'}
2021-07-29 06:17:10 [taochePro.spiders.taoche] WARNING: {'city': '南京',
 'detail': {'display': '2.0L', 'transmission': '双离合'},
 'lazyimg': '//img5.taoche.cn/31/02171gc4w3.jpg',
 'mileage': '2.00万公里',
 'price': '31.88',
 'resisted_data': '2018年',
 'title': '奥迪A5 2017款 Sportback 40 TFSI 时尚版'}
2021-07-29 06:17:10 [taochePro.spiders.taoche] WARNING: {'city': '南京',
 'detail': {'display': '3.0L', 'transmission': '手自一体'},
 'lazyimg': '//img5.taoche.cn/31/02171gc4w3.jpg',
 'mileage': '百公里内',
 'price': '73.60',
 'resisted_data': '2021年',
 'title': '奥迪A8L 2021款 50 TFSI quattro 舒适型'}
2021-07-29 06:17:10 [taochePro.spiders.taoche] WARNING: {'city': '南京',
 'detail': {'display': '2.0L', 'transmission': '双离合'},
 'lazyimg': '//img5.taoche.cn/31/02171gc4w3.jpg',
 'mileage': '3.50万公里',
 'price': '35.80',
 'resisted_data': '2020年',
 'title': '奥迪A6L 2019款 40 TFSI 豪华致雅版'}
2021-07-29 06:17:11 [taochePro.spiders.taoche] WARNING: {'city': '南京',
 'detail': {'display': '2.0L', 'transmission': '双离合'},
 'lazyimg': '//img5.taoche.cn/31/02171gc4w3.jpg',
 'mileage': '3.00万公里',
 'price': '35.80',
 'resisted_data': '2019年',
 'title': '奥迪Q5L 2018款 45 TFSI 尊享豪华运动版 国V'}
2021-07-29 06:17:11 [taochePro.spiders.taoche] WARNING: {'city': '南京',
 'detail': {'display': '1.8L', 'transmission': '双离合'},
 'lazyimg': '//img5.taoche.cn/31/02171gc4w3.jpg',
 'mileage': '4.00万公里',
 'price': '28.50',
 'resisted_data': '2019年',
 'title': '奥迪A6L 2018款 TFSI 典藏版'}
2021-07-29 06:17:11 [taochePro.spiders.taoche] WARNING: {'city': '南京',
 'detail': {'display': '0.0L', 'transmission': '单速变速箱'},
 'lazyimg': '//img5.taoche.cn/31/02171gc4w3.jpg',
 'mileage': '0.02万公里',
 'price': '13.38',
 'resisted_data': '2020年',
 'title': '奥迪Q2L 纯电动 2020款 纯电智酷型'}
2021-07-29 06:17:11 [taochePro.spiders.taoche] WARNING: {'city': '南京',
 'detail': {'display': '2.0L', 'transmission': '湿式双离合'},
 'lazyimg': '//img5.taoche.cn/31/02171gc4w3.jpg',
 'mileage': '2.00万公里',
 'price': '34.58',
 'resisted_data': '2020年',
 'title': '奥迪Q5L 2020款 45 TFSI 尊享时尚型'}
2021-07-29 06:17:11 [taochePro.spiders.taoche] WARNING: {'city': '南京',
 'detail': {'display': '2.0L', 'transmission': '双离合'},
 'lazyimg': '//img5.taoche.cn/31/02171gc4w3.jpg',
 'mileage': '1.60万公里',
 'price': '40.88',
 'resisted_data': '2019年',
 'title': '奥迪A5 2017款 Cabriolet 40 TFSI 时尚版'}
2021-07-29 06:17:11 [taochePro.spiders.taoche] WARNING: {'city': '南京',
 'detail': {'display': '0.0L', 'transmission': '自动'},
 'lazyimg': '//img5.taoche.cn/31/02171gc4w3.jpg',
 'mileage': '1.66万公里',
 'price': '44.28',
 'resisted_data': '2020年',
 'title': '奥迪e-tron(进口) 2020款 55 quattro 全球限量版'}
2021-07-29 06:17:11 [taochePro.spiders.taoche] WARNING: {'city': '南京',
 'detail': {'display': '2.0L', 'transmission': '湿式双离合'},
 'lazyimg': '//img5.taoche.cn/31/02171gc4w3.jpg',
 'mileage': '1.03万公里',
 'price': '25.80',
 'resisted_data': '2020年',
 'title': '奥迪A4L 2020款 35 TFSI 时尚动感型'}
2021-07-29 06:17:11 [taochePro.spiders.taoche] WARNING: {'city': '南京',
 'detail': {'display': '0.0L', 'transmission': '自动'},
 'lazyimg': '//img5.taoche.cn/31/02171gc4w3.jpg',
 'mileage': '0.73万公里',
 'price': '40.88',
 'resisted_data': '2020年',
 'title': '奥迪e-tron(进口) 2020款 55 quattro 技术版'}
2021-07-29 06:17:11 [taochePro.spiders.taoche] WARNING: {'city': '南京',
 'detail': {'display': '1.4L', 'transmission': '双离合'},
 'lazyimg': '//img5.taoche.cn/31/02171gc4w3.jpg',
 'mileage': '0.33万公里',
 'price': '16.98',
 'resisted_data': '2019年',
 'title': '奥迪A3 2019款 Limousine 35TFSI 时尚版 国V'}
2021-07-29 06:17:11 [taochePro.spiders.taoche] WARNING: {'city': '南京',
 'detail': {'display': '2.0L', 'transmission': '双离合'},
 'lazyimg': '//img5.taoche.cn/31/02171gc4w3.jpg',
 'mileage': '3.00万公里',
 'price': '28.80',
 'resisted_data': '2018年',
 'title': '奥迪A4(进口) 2017款 45TFSI allroad quattro 时尚版'}
2021-07-29 06:17:11 [taochePro.spiders.taoche] WARNING: {'city': '南京',
 'detail': {'display': '2.0L', 'transmission': '双离合'},
 'lazyimg': '//img5.taoche.cn/31/02171gc4w3.jpg',
 'mileage': '2.80万公里',
 'price': '25.68',
 'resisted_data': '2019年',
 'title': '奥迪A4L 2019款 40 TFSI 时尚版 国VI'}
2021-07-29 06:17:11 [taochePro.spiders.taoche] WARNING: {'city': '南京',
 'detail': {'display': '2.0L', 'transmission': '双离合'},
 'lazyimg': '//img5.taoche.cn/31/02171gc4w3.jpg',
 'mileage': '8.66万公里',
 'price': '13.88',
 'resisted_data': '2014年',
 'title': '奥迪Q3 2015款 35 TFSI 舒适型'}
2021-07-29 06:17:11 [taochePro.spiders.taoche] WARNING: {'city': '南京',
 'detail': {'display': '2.0L', 'transmission': '双离合'},
 'lazyimg': '//img5.taoche.cn/31/02171gc4w3.jpg',
 'mileage': '0.80万公里',
 'price': '22.80',
 'resisted_data': '2019年',
 'title': '奥迪Q3 2019款 40 TFSI 时尚动感版'}
2021-07-29 06:17:11 [taochePro.spiders.taoche] WARNING: {'city': '南京',
 'detail': {'display': '2.0L', 'transmission': '湿式双离合'},
 'lazyimg': '//img5.taoche.cn/31/02171gc4w3.jpg',
 'mileage': '0.33万公里',
 'price': '38.80',
 'resisted_data': '2020年',
 'title': '奥迪Q5L 2020款 45 TFSI 尊享风雅型'}
